ARM GAS  /tmp/ccBYrcWj.s 			page 1


   1              		.cpu cortex-m0
   2              		.eabi_attribute 20, 1
   3              		.eabi_attribute 21, 1
   4              		.eabi_attribute 23, 3
   5              		.eabi_attribute 24, 1
   6              		.eabi_attribute 25, 1
   7              		.eabi_attribute 26, 1
   8              		.eabi_attribute 30, 1
   9              		.eabi_attribute 34, 0
  10              		.eabi_attribute 18, 4
  11              		.file	"stm32f0xx_hal_i2c_ex.c"
  12              		.text
  13              	.Ltext0:
  14              		.cfi_sections	.debug_frame
  15              		.section	.text.HAL_I2CEx_ConfigAnalogFilter,"ax",%progbits
  16              		.align	1
  17              		.global	HAL_I2CEx_ConfigAnalogFilter
  18              		.arch armv6s-m
  19              		.syntax unified
  20              		.code	16
  21              		.thumb_func
  22              		.fpu softvfp
  24              	HAL_I2CEx_ConfigAnalogFilter:
  25              	.LVL0:
  26              	.LFB40:
  27              		.file 1 "Drivers/STM32F0xx_HAL_Driver/Src/stm32f0xx_hal_i2c_ex.c"
   1:Drivers/STM32F0xx_HAL_Driver/Src/stm32f0xx_hal_i2c_ex.c **** /**
   2:Drivers/STM32F0xx_HAL_Driver/Src/stm32f0xx_hal_i2c_ex.c ****   ******************************************************************************
   3:Drivers/STM32F0xx_HAL_Driver/Src/stm32f0xx_hal_i2c_ex.c ****   * @file    stm32f0xx_hal_i2c_ex.c
   4:Drivers/STM32F0xx_HAL_Driver/Src/stm32f0xx_hal_i2c_ex.c ****   * @author  MCD Application Team
   5:Drivers/STM32F0xx_HAL_Driver/Src/stm32f0xx_hal_i2c_ex.c ****   * @brief   I2C Extended HAL module driver.
   6:Drivers/STM32F0xx_HAL_Driver/Src/stm32f0xx_hal_i2c_ex.c ****   *          This file provides firmware functions to manage the following
   7:Drivers/STM32F0xx_HAL_Driver/Src/stm32f0xx_hal_i2c_ex.c ****   *          functionalities of I2C Extended peripheral:
   8:Drivers/STM32F0xx_HAL_Driver/Src/stm32f0xx_hal_i2c_ex.c ****   *           + Extended features functions
   9:Drivers/STM32F0xx_HAL_Driver/Src/stm32f0xx_hal_i2c_ex.c ****   *
  10:Drivers/STM32F0xx_HAL_Driver/Src/stm32f0xx_hal_i2c_ex.c ****   @verbatim
  11:Drivers/STM32F0xx_HAL_Driver/Src/stm32f0xx_hal_i2c_ex.c ****   ==============================================================================
  12:Drivers/STM32F0xx_HAL_Driver/Src/stm32f0xx_hal_i2c_ex.c ****                ##### I2C peripheral Extended features  #####
  13:Drivers/STM32F0xx_HAL_Driver/Src/stm32f0xx_hal_i2c_ex.c ****   ==============================================================================
  14:Drivers/STM32F0xx_HAL_Driver/Src/stm32f0xx_hal_i2c_ex.c **** 
  15:Drivers/STM32F0xx_HAL_Driver/Src/stm32f0xx_hal_i2c_ex.c ****   [..] Comparing to other previous devices, the I2C interface for STM32F0xx
  16:Drivers/STM32F0xx_HAL_Driver/Src/stm32f0xx_hal_i2c_ex.c ****        devices contains the following additional features
  17:Drivers/STM32F0xx_HAL_Driver/Src/stm32f0xx_hal_i2c_ex.c **** 
  18:Drivers/STM32F0xx_HAL_Driver/Src/stm32f0xx_hal_i2c_ex.c ****        (+) Possibility to disable or enable Analog Noise Filter
  19:Drivers/STM32F0xx_HAL_Driver/Src/stm32f0xx_hal_i2c_ex.c ****        (+) Use of a configured Digital Noise Filter
  20:Drivers/STM32F0xx_HAL_Driver/Src/stm32f0xx_hal_i2c_ex.c ****        (+) Disable or enable wakeup from Stop mode(s)
  21:Drivers/STM32F0xx_HAL_Driver/Src/stm32f0xx_hal_i2c_ex.c ****        (+) Disable or enable Fast Mode Plus
  22:Drivers/STM32F0xx_HAL_Driver/Src/stm32f0xx_hal_i2c_ex.c **** 
  23:Drivers/STM32F0xx_HAL_Driver/Src/stm32f0xx_hal_i2c_ex.c ****                      ##### How to use this driver #####
  24:Drivers/STM32F0xx_HAL_Driver/Src/stm32f0xx_hal_i2c_ex.c ****   ==============================================================================
  25:Drivers/STM32F0xx_HAL_Driver/Src/stm32f0xx_hal_i2c_ex.c ****   [..] This driver provides functions to configure Noise Filter and Wake Up Feature
  26:Drivers/STM32F0xx_HAL_Driver/Src/stm32f0xx_hal_i2c_ex.c ****     (#) Configure I2C Analog noise filter using the function HAL_I2CEx_ConfigAnalogFilter()
  27:Drivers/STM32F0xx_HAL_Driver/Src/stm32f0xx_hal_i2c_ex.c ****     (#) Configure I2C Digital noise filter using the function HAL_I2CEx_ConfigDigitalFilter()
  28:Drivers/STM32F0xx_HAL_Driver/Src/stm32f0xx_hal_i2c_ex.c ****     (#) Configure the enable or disable of I2C Wake Up Mode using the functions :
  29:Drivers/STM32F0xx_HAL_Driver/Src/stm32f0xx_hal_i2c_ex.c ****           (++) HAL_I2CEx_EnableWakeUp()
  30:Drivers/STM32F0xx_HAL_Driver/Src/stm32f0xx_hal_i2c_ex.c ****           (++) HAL_I2CEx_DisableWakeUp()
  31:Drivers/STM32F0xx_HAL_Driver/Src/stm32f0xx_hal_i2c_ex.c ****     (#) Configure the enable or disable of fast mode plus driving capability using the functions :
ARM GAS  /tmp/ccBYrcWj.s 			page 2


  32:Drivers/STM32F0xx_HAL_Driver/Src/stm32f0xx_hal_i2c_ex.c ****           (++) HAL_I2CEx_EnableFastModePlus()
  33:Drivers/STM32F0xx_HAL_Driver/Src/stm32f0xx_hal_i2c_ex.c ****           (++) HAL_I2CEx_DisableFastModePlus()
  34:Drivers/STM32F0xx_HAL_Driver/Src/stm32f0xx_hal_i2c_ex.c ****   @endverbatim
  35:Drivers/STM32F0xx_HAL_Driver/Src/stm32f0xx_hal_i2c_ex.c ****   ******************************************************************************
  36:Drivers/STM32F0xx_HAL_Driver/Src/stm32f0xx_hal_i2c_ex.c ****   * @attention
  37:Drivers/STM32F0xx_HAL_Driver/Src/stm32f0xx_hal_i2c_ex.c ****   *
  38:Drivers/STM32F0xx_HAL_Driver/Src/stm32f0xx_hal_i2c_ex.c ****   * <h2><center>&copy; Copyright (c) 2016 STMicroelectronics.
  39:Drivers/STM32F0xx_HAL_Driver/Src/stm32f0xx_hal_i2c_ex.c ****   * All rights reserved.</center></h2>
  40:Drivers/STM32F0xx_HAL_Driver/Src/stm32f0xx_hal_i2c_ex.c ****   *
  41:Drivers/STM32F0xx_HAL_Driver/Src/stm32f0xx_hal_i2c_ex.c ****   * This software component is licensed by ST under BSD 3-Clause license,
  42:Drivers/STM32F0xx_HAL_Driver/Src/stm32f0xx_hal_i2c_ex.c ****   * the "License"; You may not use this file except in compliance with the
  43:Drivers/STM32F0xx_HAL_Driver/Src/stm32f0xx_hal_i2c_ex.c ****   * License. You may obtain a copy of the License at:
  44:Drivers/STM32F0xx_HAL_Driver/Src/stm32f0xx_hal_i2c_ex.c ****   *                        opensource.org/licenses/BSD-3-Clause
  45:Drivers/STM32F0xx_HAL_Driver/Src/stm32f0xx_hal_i2c_ex.c ****   *
  46:Drivers/STM32F0xx_HAL_Driver/Src/stm32f0xx_hal_i2c_ex.c ****   ******************************************************************************
  47:Drivers/STM32F0xx_HAL_Driver/Src/stm32f0xx_hal_i2c_ex.c ****   */
  48:Drivers/STM32F0xx_HAL_Driver/Src/stm32f0xx_hal_i2c_ex.c **** 
  49:Drivers/STM32F0xx_HAL_Driver/Src/stm32f0xx_hal_i2c_ex.c **** /* Includes ------------------------------------------------------------------*/
  50:Drivers/STM32F0xx_HAL_Driver/Src/stm32f0xx_hal_i2c_ex.c **** #include "stm32f0xx_hal.h"
  51:Drivers/STM32F0xx_HAL_Driver/Src/stm32f0xx_hal_i2c_ex.c **** 
  52:Drivers/STM32F0xx_HAL_Driver/Src/stm32f0xx_hal_i2c_ex.c **** /** @addtogroup STM32F0xx_HAL_Driver
  53:Drivers/STM32F0xx_HAL_Driver/Src/stm32f0xx_hal_i2c_ex.c ****   * @{
  54:Drivers/STM32F0xx_HAL_Driver/Src/stm32f0xx_hal_i2c_ex.c ****   */
  55:Drivers/STM32F0xx_HAL_Driver/Src/stm32f0xx_hal_i2c_ex.c **** 
  56:Drivers/STM32F0xx_HAL_Driver/Src/stm32f0xx_hal_i2c_ex.c **** /** @defgroup I2CEx I2CEx
  57:Drivers/STM32F0xx_HAL_Driver/Src/stm32f0xx_hal_i2c_ex.c ****   * @brief I2C Extended HAL module driver
  58:Drivers/STM32F0xx_HAL_Driver/Src/stm32f0xx_hal_i2c_ex.c ****   * @{
  59:Drivers/STM32F0xx_HAL_Driver/Src/stm32f0xx_hal_i2c_ex.c ****   */
  60:Drivers/STM32F0xx_HAL_Driver/Src/stm32f0xx_hal_i2c_ex.c **** 
  61:Drivers/STM32F0xx_HAL_Driver/Src/stm32f0xx_hal_i2c_ex.c **** #ifdef HAL_I2C_MODULE_ENABLED
  62:Drivers/STM32F0xx_HAL_Driver/Src/stm32f0xx_hal_i2c_ex.c **** 
  63:Drivers/STM32F0xx_HAL_Driver/Src/stm32f0xx_hal_i2c_ex.c **** /* Private typedef -----------------------------------------------------------*/
  64:Drivers/STM32F0xx_HAL_Driver/Src/stm32f0xx_hal_i2c_ex.c **** /* Private define ------------------------------------------------------------*/
  65:Drivers/STM32F0xx_HAL_Driver/Src/stm32f0xx_hal_i2c_ex.c **** /* Private macro -------------------------------------------------------------*/
  66:Drivers/STM32F0xx_HAL_Driver/Src/stm32f0xx_hal_i2c_ex.c **** /* Private variables ---------------------------------------------------------*/
  67:Drivers/STM32F0xx_HAL_Driver/Src/stm32f0xx_hal_i2c_ex.c **** /* Private function prototypes -----------------------------------------------*/
  68:Drivers/STM32F0xx_HAL_Driver/Src/stm32f0xx_hal_i2c_ex.c **** /* Private functions ---------------------------------------------------------*/
  69:Drivers/STM32F0xx_HAL_Driver/Src/stm32f0xx_hal_i2c_ex.c **** 
  70:Drivers/STM32F0xx_HAL_Driver/Src/stm32f0xx_hal_i2c_ex.c **** /** @defgroup I2CEx_Exported_Functions I2C Extended Exported Functions
  71:Drivers/STM32F0xx_HAL_Driver/Src/stm32f0xx_hal_i2c_ex.c ****   * @{
  72:Drivers/STM32F0xx_HAL_Driver/Src/stm32f0xx_hal_i2c_ex.c ****   */
  73:Drivers/STM32F0xx_HAL_Driver/Src/stm32f0xx_hal_i2c_ex.c **** 
  74:Drivers/STM32F0xx_HAL_Driver/Src/stm32f0xx_hal_i2c_ex.c **** /** @defgroup I2CEx_Exported_Functions_Group1 Extended features functions
  75:Drivers/STM32F0xx_HAL_Driver/Src/stm32f0xx_hal_i2c_ex.c ****   * @brief    Extended features functions
  76:Drivers/STM32F0xx_HAL_Driver/Src/stm32f0xx_hal_i2c_ex.c ****   *
  77:Drivers/STM32F0xx_HAL_Driver/Src/stm32f0xx_hal_i2c_ex.c **** @verbatim
  78:Drivers/STM32F0xx_HAL_Driver/Src/stm32f0xx_hal_i2c_ex.c ****  ===============================================================================
  79:Drivers/STM32F0xx_HAL_Driver/Src/stm32f0xx_hal_i2c_ex.c ****                       ##### Extended features functions #####
  80:Drivers/STM32F0xx_HAL_Driver/Src/stm32f0xx_hal_i2c_ex.c ****  ===============================================================================
  81:Drivers/STM32F0xx_HAL_Driver/Src/stm32f0xx_hal_i2c_ex.c ****     [..] This section provides functions allowing to:
  82:Drivers/STM32F0xx_HAL_Driver/Src/stm32f0xx_hal_i2c_ex.c ****       (+) Configure Noise Filters
  83:Drivers/STM32F0xx_HAL_Driver/Src/stm32f0xx_hal_i2c_ex.c ****       (+) Configure Wake Up Feature
  84:Drivers/STM32F0xx_HAL_Driver/Src/stm32f0xx_hal_i2c_ex.c ****       (+) Configure Fast Mode Plus
  85:Drivers/STM32F0xx_HAL_Driver/Src/stm32f0xx_hal_i2c_ex.c **** 
  86:Drivers/STM32F0xx_HAL_Driver/Src/stm32f0xx_hal_i2c_ex.c **** @endverbatim
  87:Drivers/STM32F0xx_HAL_Driver/Src/stm32f0xx_hal_i2c_ex.c ****   * @{
  88:Drivers/STM32F0xx_HAL_Driver/Src/stm32f0xx_hal_i2c_ex.c ****   */
ARM GAS  /tmp/ccBYrcWj.s 			page 3


  89:Drivers/STM32F0xx_HAL_Driver/Src/stm32f0xx_hal_i2c_ex.c **** 
  90:Drivers/STM32F0xx_HAL_Driver/Src/stm32f0xx_hal_i2c_ex.c **** /**
  91:Drivers/STM32F0xx_HAL_Driver/Src/stm32f0xx_hal_i2c_ex.c ****   * @brief  Configure I2C Analog noise filter.
  92:Drivers/STM32F0xx_HAL_Driver/Src/stm32f0xx_hal_i2c_ex.c ****   * @param  hi2c Pointer to a I2C_HandleTypeDef structure that contains
  93:Drivers/STM32F0xx_HAL_Driver/Src/stm32f0xx_hal_i2c_ex.c ****   *                the configuration information for the specified I2Cx peripheral.
  94:Drivers/STM32F0xx_HAL_Driver/Src/stm32f0xx_hal_i2c_ex.c ****   * @param  AnalogFilter New state of the Analog filter.
  95:Drivers/STM32F0xx_HAL_Driver/Src/stm32f0xx_hal_i2c_ex.c ****   * @retval HAL status
  96:Drivers/STM32F0xx_HAL_Driver/Src/stm32f0xx_hal_i2c_ex.c ****   */
  97:Drivers/STM32F0xx_HAL_Driver/Src/stm32f0xx_hal_i2c_ex.c **** HAL_StatusTypeDef HAL_I2CEx_ConfigAnalogFilter(I2C_HandleTypeDef *hi2c, uint32_t AnalogFilter)
  98:Drivers/STM32F0xx_HAL_Driver/Src/stm32f0xx_hal_i2c_ex.c **** {
  28              		.loc 1 98 1 view -0
  29              		.cfi_startproc
  30              		@ args = 0, pretend = 0, frame = 0
  31              		@ frame_needed = 0, uses_anonymous_args = 0
  32              		.loc 1 98 1 is_stmt 0 view .LVU1
  33 0000 F0B5     		push	{r4, r5, r6, r7, lr}
  34              	.LCFI0:
  35              		.cfi_def_cfa_offset 20
  36              		.cfi_offset 4, -20
  37              		.cfi_offset 5, -16
  38              		.cfi_offset 6, -12
  39              		.cfi_offset 7, -8
  40              		.cfi_offset 14, -4
  99:Drivers/STM32F0xx_HAL_Driver/Src/stm32f0xx_hal_i2c_ex.c ****   /* Check the parameters */
 100:Drivers/STM32F0xx_HAL_Driver/Src/stm32f0xx_hal_i2c_ex.c ****   assert_param(IS_I2C_ALL_INSTANCE(hi2c->Instance));
  41              		.loc 1 100 3 is_stmt 1 view .LVU2
 101:Drivers/STM32F0xx_HAL_Driver/Src/stm32f0xx_hal_i2c_ex.c ****   assert_param(IS_I2C_ANALOG_FILTER(AnalogFilter));
  42              		.loc 1 101 3 view .LVU3
 102:Drivers/STM32F0xx_HAL_Driver/Src/stm32f0xx_hal_i2c_ex.c **** 
 103:Drivers/STM32F0xx_HAL_Driver/Src/stm32f0xx_hal_i2c_ex.c ****   if (hi2c->State == HAL_I2C_STATE_READY)
  43              		.loc 1 103 3 view .LVU4
  44              		.loc 1 103 11 is_stmt 0 view .LVU5
  45 0002 4123     		movs	r3, #65
  46 0004 C35C     		ldrb	r3, [r0, r3]
  47              		.loc 1 103 6 view .LVU6
  48 0006 202B     		cmp	r3, #32
  49 0008 20D1     		bne	.L3
 104:Drivers/STM32F0xx_HAL_Driver/Src/stm32f0xx_hal_i2c_ex.c ****   {
 105:Drivers/STM32F0xx_HAL_Driver/Src/stm32f0xx_hal_i2c_ex.c ****     /* Process Locked */
 106:Drivers/STM32F0xx_HAL_Driver/Src/stm32f0xx_hal_i2c_ex.c ****     __HAL_LOCK(hi2c);
  50              		.loc 1 106 5 is_stmt 1 view .LVU7
  51              		.loc 1 106 5 view .LVU8
  52 000a 2033     		adds	r3, r3, #32
  53 000c C35C     		ldrb	r3, [r0, r3]
  54 000e 012B     		cmp	r3, #1
  55 0010 1ED0     		beq	.L4
  56              		.loc 1 106 5 discriminator 2 view .LVU9
  57 0012 4024     		movs	r4, #64
  58 0014 0122     		movs	r2, #1
  59 0016 0255     		strb	r2, [r0, r4]
  60              		.loc 1 106 5 discriminator 2 view .LVU10
 107:Drivers/STM32F0xx_HAL_Driver/Src/stm32f0xx_hal_i2c_ex.c **** 
 108:Drivers/STM32F0xx_HAL_Driver/Src/stm32f0xx_hal_i2c_ex.c ****     hi2c->State = HAL_I2C_STATE_BUSY;
  61              		.loc 1 108 5 discriminator 2 view .LVU11
  62              		.loc 1 108 17 is_stmt 0 discriminator 2 view .LVU12
  63 0018 4125     		movs	r5, #65
  64 001a 2423     		movs	r3, #36
ARM GAS  /tmp/ccBYrcWj.s 			page 4


  65 001c 4355     		strb	r3, [r0, r5]
 109:Drivers/STM32F0xx_HAL_Driver/Src/stm32f0xx_hal_i2c_ex.c **** 
 110:Drivers/STM32F0xx_HAL_Driver/Src/stm32f0xx_hal_i2c_ex.c ****     /* Disable the selected I2C peripheral */
 111:Drivers/STM32F0xx_HAL_Driver/Src/stm32f0xx_hal_i2c_ex.c ****     __HAL_I2C_DISABLE(hi2c);
  66              		.loc 1 111 5 is_stmt 1 discriminator 2 view .LVU13
  67 001e 0668     		ldr	r6, [r0]
  68 0020 3368     		ldr	r3, [r6]
  69 0022 9343     		bics	r3, r2
  70 0024 3360     		str	r3, [r6]
 112:Drivers/STM32F0xx_HAL_Driver/Src/stm32f0xx_hal_i2c_ex.c **** 
 113:Drivers/STM32F0xx_HAL_Driver/Src/stm32f0xx_hal_i2c_ex.c ****     /* Reset I2Cx ANOFF bit */
 114:Drivers/STM32F0xx_HAL_Driver/Src/stm32f0xx_hal_i2c_ex.c ****     hi2c->Instance->CR1 &= ~(I2C_CR1_ANFOFF);
  71              		.loc 1 114 5 discriminator 2 view .LVU14
  72              		.loc 1 114 9 is_stmt 0 discriminator 2 view .LVU15
  73 0026 0668     		ldr	r6, [r0]
  74              		.loc 1 114 25 discriminator 2 view .LVU16
  75 0028 3368     		ldr	r3, [r6]
  76 002a 0A4F     		ldr	r7, .L5
  77 002c 3B40     		ands	r3, r7
  78 002e 3360     		str	r3, [r6]
 115:Drivers/STM32F0xx_HAL_Driver/Src/stm32f0xx_hal_i2c_ex.c **** 
 116:Drivers/STM32F0xx_HAL_Driver/Src/stm32f0xx_hal_i2c_ex.c ****     /* Set analog filter bit*/
 117:Drivers/STM32F0xx_HAL_Driver/Src/stm32f0xx_hal_i2c_ex.c ****     hi2c->Instance->CR1 |= AnalogFilter;
  79              		.loc 1 117 5 is_stmt 1 discriminator 2 view .LVU17
  80              		.loc 1 117 9 is_stmt 0 discriminator 2 view .LVU18
  81 0030 0668     		ldr	r6, [r0]
  82              		.loc 1 117 25 discriminator 2 view .LVU19
  83 0032 3368     		ldr	r3, [r6]
  84 0034 1943     		orrs	r1, r3
  85              	.LVL1:
  86              		.loc 1 117 25 discriminator 2 view .LVU20
  87 0036 3160     		str	r1, [r6]
 118:Drivers/STM32F0xx_HAL_Driver/Src/stm32f0xx_hal_i2c_ex.c **** 
 119:Drivers/STM32F0xx_HAL_Driver/Src/stm32f0xx_hal_i2c_ex.c ****     __HAL_I2C_ENABLE(hi2c);
  88              		.loc 1 119 5 is_stmt 1 discriminator 2 view .LVU21
  89 0038 0168     		ldr	r1, [r0]
  90 003a 0B68     		ldr	r3, [r1]
  91 003c 1343     		orrs	r3, r2
  92 003e 0B60     		str	r3, [r1]
 120:Drivers/STM32F0xx_HAL_Driver/Src/stm32f0xx_hal_i2c_ex.c **** 
 121:Drivers/STM32F0xx_HAL_Driver/Src/stm32f0xx_hal_i2c_ex.c ****     hi2c->State = HAL_I2C_STATE_READY;
  93              		.loc 1 121 5 discriminator 2 view .LVU22
  94              		.loc 1 121 17 is_stmt 0 discriminator 2 view .LVU23
  95 0040 2023     		movs	r3, #32
  96 0042 4355     		strb	r3, [r0, r5]
 122:Drivers/STM32F0xx_HAL_Driver/Src/stm32f0xx_hal_i2c_ex.c **** 
 123:Drivers/STM32F0xx_HAL_Driver/Src/stm32f0xx_hal_i2c_ex.c ****     /* Process Unlocked */
 124:Drivers/STM32F0xx_HAL_Driver/Src/stm32f0xx_hal_i2c_ex.c ****     __HAL_UNLOCK(hi2c);
  97              		.loc 1 124 5 is_stmt 1 discriminator 2 view .LVU24
  98              		.loc 1 124 5 discriminator 2 view .LVU25
  99 0044 0023     		movs	r3, #0
 100 0046 0355     		strb	r3, [r0, r4]
 101              		.loc 1 124 5 discriminator 2 view .LVU26
 125:Drivers/STM32F0xx_HAL_Driver/Src/stm32f0xx_hal_i2c_ex.c **** 
 126:Drivers/STM32F0xx_HAL_Driver/Src/stm32f0xx_hal_i2c_ex.c ****     return HAL_OK;
 102              		.loc 1 126 5 discriminator 2 view .LVU27
 103              		.loc 1 126 12 is_stmt 0 discriminator 2 view .LVU28
ARM GAS  /tmp/ccBYrcWj.s 			page 5


 104 0048 0020     		movs	r0, #0
 105              	.LVL2:
 106              	.L2:
 127:Drivers/STM32F0xx_HAL_Driver/Src/stm32f0xx_hal_i2c_ex.c ****   }
 128:Drivers/STM32F0xx_HAL_Driver/Src/stm32f0xx_hal_i2c_ex.c ****   else
 129:Drivers/STM32F0xx_HAL_Driver/Src/stm32f0xx_hal_i2c_ex.c ****   {
 130:Drivers/STM32F0xx_HAL_Driver/Src/stm32f0xx_hal_i2c_ex.c ****     return HAL_BUSY;
 131:Drivers/STM32F0xx_HAL_Driver/Src/stm32f0xx_hal_i2c_ex.c ****   }
 132:Drivers/STM32F0xx_HAL_Driver/Src/stm32f0xx_hal_i2c_ex.c **** }
 107              		.loc 1 132 1 view .LVU29
 108              		@ sp needed
 109 004a F0BD     		pop	{r4, r5, r6, r7, pc}
 110              	.LVL3:
 111              	.L3:
 130:Drivers/STM32F0xx_HAL_Driver/Src/stm32f0xx_hal_i2c_ex.c ****   }
 112              		.loc 1 130 12 view .LVU30
 113 004c 0220     		movs	r0, #2
 114              	.LVL4:
 130:Drivers/STM32F0xx_HAL_Driver/Src/stm32f0xx_hal_i2c_ex.c ****   }
 115              		.loc 1 130 12 view .LVU31
 116 004e FCE7     		b	.L2
 117              	.LVL5:
 118              	.L4:
 106:Drivers/STM32F0xx_HAL_Driver/Src/stm32f0xx_hal_i2c_ex.c **** 
 119              		.loc 1 106 5 view .LVU32
 120 0050 0220     		movs	r0, #2
 121              	.LVL6:
 106:Drivers/STM32F0xx_HAL_Driver/Src/stm32f0xx_hal_i2c_ex.c **** 
 122              		.loc 1 106 5 view .LVU33
 123 0052 FAE7     		b	.L2
 124              	.L6:
 125              		.align	2
 126              	.L5:
 127 0054 FFEFFFFF 		.word	-4097
 128              		.cfi_endproc
 129              	.LFE40:
 131              		.section	.text.HAL_I2CEx_ConfigDigitalFilter,"ax",%progbits
 132              		.align	1
 133              		.global	HAL_I2CEx_ConfigDigitalFilter
 134              		.syntax unified
 135              		.code	16
 136              		.thumb_func
 137              		.fpu softvfp
 139              	HAL_I2CEx_ConfigDigitalFilter:
 140              	.LVL7:
 141              	.LFB41:
 133:Drivers/STM32F0xx_HAL_Driver/Src/stm32f0xx_hal_i2c_ex.c **** 
 134:Drivers/STM32F0xx_HAL_Driver/Src/stm32f0xx_hal_i2c_ex.c **** /**
 135:Drivers/STM32F0xx_HAL_Driver/Src/stm32f0xx_hal_i2c_ex.c ****   * @brief  Configure I2C Digital noise filter.
 136:Drivers/STM32F0xx_HAL_Driver/Src/stm32f0xx_hal_i2c_ex.c ****   * @param  hi2c Pointer to a I2C_HandleTypeDef structure that contains
 137:Drivers/STM32F0xx_HAL_Driver/Src/stm32f0xx_hal_i2c_ex.c ****   *                the configuration information for the specified I2Cx peripheral.
 138:Drivers/STM32F0xx_HAL_Driver/Src/stm32f0xx_hal_i2c_ex.c ****   * @param  DigitalFilter Coefficient of digital noise filter between Min_Data=0x00 and Max_Data=0x
 139:Drivers/STM32F0xx_HAL_Driver/Src/stm32f0xx_hal_i2c_ex.c ****   * @retval HAL status
 140:Drivers/STM32F0xx_HAL_Driver/Src/stm32f0xx_hal_i2c_ex.c ****   */
 141:Drivers/STM32F0xx_HAL_Driver/Src/stm32f0xx_hal_i2c_ex.c **** HAL_StatusTypeDef HAL_I2CEx_ConfigDigitalFilter(I2C_HandleTypeDef *hi2c, uint32_t DigitalFilter)
 142:Drivers/STM32F0xx_HAL_Driver/Src/stm32f0xx_hal_i2c_ex.c **** {
 142              		.loc 1 142 1 is_stmt 1 view -0
ARM GAS  /tmp/ccBYrcWj.s 			page 6


 143              		.cfi_startproc
 144              		@ args = 0, pretend = 0, frame = 0
 145              		@ frame_needed = 0, uses_anonymous_args = 0
 146              		.loc 1 142 1 is_stmt 0 view .LVU35
 147 0000 F0B5     		push	{r4, r5, r6, r7, lr}
 148              	.LCFI1:
 149              		.cfi_def_cfa_offset 20
 150              		.cfi_offset 4, -20
 151              		.cfi_offset 5, -16
 152              		.cfi_offset 6, -12
 153              		.cfi_offset 7, -8
 154              		.cfi_offset 14, -4
 143:Drivers/STM32F0xx_HAL_Driver/Src/stm32f0xx_hal_i2c_ex.c ****   uint32_t tmpreg;
 155              		.loc 1 143 3 is_stmt 1 view .LVU36
 144:Drivers/STM32F0xx_HAL_Driver/Src/stm32f0xx_hal_i2c_ex.c **** 
 145:Drivers/STM32F0xx_HAL_Driver/Src/stm32f0xx_hal_i2c_ex.c ****   /* Check the parameters */
 146:Drivers/STM32F0xx_HAL_Driver/Src/stm32f0xx_hal_i2c_ex.c ****   assert_param(IS_I2C_ALL_INSTANCE(hi2c->Instance));
 156              		.loc 1 146 3 view .LVU37
 147:Drivers/STM32F0xx_HAL_Driver/Src/stm32f0xx_hal_i2c_ex.c ****   assert_param(IS_I2C_DIGITAL_FILTER(DigitalFilter));
 157              		.loc 1 147 3 view .LVU38
 148:Drivers/STM32F0xx_HAL_Driver/Src/stm32f0xx_hal_i2c_ex.c **** 
 149:Drivers/STM32F0xx_HAL_Driver/Src/stm32f0xx_hal_i2c_ex.c ****   if (hi2c->State == HAL_I2C_STATE_READY)
 158              		.loc 1 149 3 view .LVU39
 159              		.loc 1 149 11 is_stmt 0 view .LVU40
 160 0002 4123     		movs	r3, #65
 161 0004 C35C     		ldrb	r3, [r0, r3]
 162              		.loc 1 149 6 view .LVU41
 163 0006 202B     		cmp	r3, #32
 164 0008 1ED1     		bne	.L9
 150:Drivers/STM32F0xx_HAL_Driver/Src/stm32f0xx_hal_i2c_ex.c ****   {
 151:Drivers/STM32F0xx_HAL_Driver/Src/stm32f0xx_hal_i2c_ex.c ****     /* Process Locked */
 152:Drivers/STM32F0xx_HAL_Driver/Src/stm32f0xx_hal_i2c_ex.c ****     __HAL_LOCK(hi2c);
 165              		.loc 1 152 5 is_stmt 1 view .LVU42
 166              		.loc 1 152 5 view .LVU43
 167 000a 2033     		adds	r3, r3, #32
 168 000c C35C     		ldrb	r3, [r0, r3]
 169 000e 012B     		cmp	r3, #1
 170 0010 1CD0     		beq	.L10
 171              		.loc 1 152 5 discriminator 2 view .LVU44
 172 0012 4024     		movs	r4, #64
 173 0014 0122     		movs	r2, #1
 174 0016 0255     		strb	r2, [r0, r4]
 175              		.loc 1 152 5 discriminator 2 view .LVU45
 153:Drivers/STM32F0xx_HAL_Driver/Src/stm32f0xx_hal_i2c_ex.c **** 
 154:Drivers/STM32F0xx_HAL_Driver/Src/stm32f0xx_hal_i2c_ex.c ****     hi2c->State = HAL_I2C_STATE_BUSY;
 176              		.loc 1 154 5 discriminator 2 view .LVU46
 177              		.loc 1 154 17 is_stmt 0 discriminator 2 view .LVU47
 178 0018 4125     		movs	r5, #65
 179 001a 2423     		movs	r3, #36
 180 001c 4355     		strb	r3, [r0, r5]
 155:Drivers/STM32F0xx_HAL_Driver/Src/stm32f0xx_hal_i2c_ex.c **** 
 156:Drivers/STM32F0xx_HAL_Driver/Src/stm32f0xx_hal_i2c_ex.c ****     /* Disable the selected I2C peripheral */
 157:Drivers/STM32F0xx_HAL_Driver/Src/stm32f0xx_hal_i2c_ex.c ****     __HAL_I2C_DISABLE(hi2c);
 181              		.loc 1 157 5 is_stmt 1 discriminator 2 view .LVU48
 182 001e 0668     		ldr	r6, [r0]
 183 0020 3368     		ldr	r3, [r6]
 184 0022 9343     		bics	r3, r2
ARM GAS  /tmp/ccBYrcWj.s 			page 7


 185 0024 3360     		str	r3, [r6]
 158:Drivers/STM32F0xx_HAL_Driver/Src/stm32f0xx_hal_i2c_ex.c **** 
 159:Drivers/STM32F0xx_HAL_Driver/Src/stm32f0xx_hal_i2c_ex.c ****     /* Get the old register value */
 160:Drivers/STM32F0xx_HAL_Driver/Src/stm32f0xx_hal_i2c_ex.c ****     tmpreg = hi2c->Instance->CR1;
 186              		.loc 1 160 5 discriminator 2 view .LVU49
 187              		.loc 1 160 18 is_stmt 0 discriminator 2 view .LVU50
 188 0026 0668     		ldr	r6, [r0]
 189              		.loc 1 160 12 discriminator 2 view .LVU51
 190 0028 3368     		ldr	r3, [r6]
 191              	.LVL8:
 161:Drivers/STM32F0xx_HAL_Driver/Src/stm32f0xx_hal_i2c_ex.c **** 
 162:Drivers/STM32F0xx_HAL_Driver/Src/stm32f0xx_hal_i2c_ex.c ****     /* Reset I2Cx DNF bits [11:8] */
 163:Drivers/STM32F0xx_HAL_Driver/Src/stm32f0xx_hal_i2c_ex.c ****     tmpreg &= ~(I2C_CR1_DNF);
 192              		.loc 1 163 5 is_stmt 1 discriminator 2 view .LVU52
 193              		.loc 1 163 12 is_stmt 0 discriminator 2 view .LVU53
 194 002a 094F     		ldr	r7, .L11
 195 002c 3B40     		ands	r3, r7
 196              	.LVL9:
 164:Drivers/STM32F0xx_HAL_Driver/Src/stm32f0xx_hal_i2c_ex.c **** 
 165:Drivers/STM32F0xx_HAL_Driver/Src/stm32f0xx_hal_i2c_ex.c ****     /* Set I2Cx DNF coefficient */
 166:Drivers/STM32F0xx_HAL_Driver/Src/stm32f0xx_hal_i2c_ex.c ****     tmpreg |= DigitalFilter << 8U;
 197              		.loc 1 166 5 is_stmt 1 discriminator 2 view .LVU54
 198              		.loc 1 166 29 is_stmt 0 discriminator 2 view .LVU55
 199 002e 0902     		lsls	r1, r1, #8
 200              	.LVL10:
 201              		.loc 1 166 12 discriminator 2 view .LVU56
 202 0030 1943     		orrs	r1, r3
 203              	.LVL11:
 167:Drivers/STM32F0xx_HAL_Driver/Src/stm32f0xx_hal_i2c_ex.c **** 
 168:Drivers/STM32F0xx_HAL_Driver/Src/stm32f0xx_hal_i2c_ex.c ****     /* Store the new register value */
 169:Drivers/STM32F0xx_HAL_Driver/Src/stm32f0xx_hal_i2c_ex.c ****     hi2c->Instance->CR1 = tmpreg;
 204              		.loc 1 169 5 is_stmt 1 discriminator 2 view .LVU57
 205              		.loc 1 169 25 is_stmt 0 discriminator 2 view .LVU58
 206 0032 3160     		str	r1, [r6]
 170:Drivers/STM32F0xx_HAL_Driver/Src/stm32f0xx_hal_i2c_ex.c **** 
 171:Drivers/STM32F0xx_HAL_Driver/Src/stm32f0xx_hal_i2c_ex.c ****     __HAL_I2C_ENABLE(hi2c);
 207              		.loc 1 171 5 is_stmt 1 discriminator 2 view .LVU59
 208 0034 0168     		ldr	r1, [r0]
 209              	.LVL12:
 210              		.loc 1 171 5 is_stmt 0 discriminator 2 view .LVU60
 211 0036 0B68     		ldr	r3, [r1]
 212 0038 1343     		orrs	r3, r2
 213 003a 0B60     		str	r3, [r1]
 214              	.LVL13:
 172:Drivers/STM32F0xx_HAL_Driver/Src/stm32f0xx_hal_i2c_ex.c **** 
 173:Drivers/STM32F0xx_HAL_Driver/Src/stm32f0xx_hal_i2c_ex.c ****     hi2c->State = HAL_I2C_STATE_READY;
 215              		.loc 1 173 5 is_stmt 1 discriminator 2 view .LVU61
 216              		.loc 1 173 17 is_stmt 0 discriminator 2 view .LVU62
 217 003c 2023     		movs	r3, #32
 218 003e 4355     		strb	r3, [r0, r5]
 174:Drivers/STM32F0xx_HAL_Driver/Src/stm32f0xx_hal_i2c_ex.c **** 
 175:Drivers/STM32F0xx_HAL_Driver/Src/stm32f0xx_hal_i2c_ex.c ****     /* Process Unlocked */
 176:Drivers/STM32F0xx_HAL_Driver/Src/stm32f0xx_hal_i2c_ex.c ****     __HAL_UNLOCK(hi2c);
 219              		.loc 1 176 5 is_stmt 1 discriminator 2 view .LVU63
 220              		.loc 1 176 5 discriminator 2 view .LVU64
 221 0040 0023     		movs	r3, #0
 222 0042 0355     		strb	r3, [r0, r4]
ARM GAS  /tmp/ccBYrcWj.s 			page 8


 223              		.loc 1 176 5 discriminator 2 view .LVU65
 177:Drivers/STM32F0xx_HAL_Driver/Src/stm32f0xx_hal_i2c_ex.c **** 
 178:Drivers/STM32F0xx_HAL_Driver/Src/stm32f0xx_hal_i2c_ex.c ****     return HAL_OK;
 224              		.loc 1 178 5 discriminator 2 view .LVU66
 225              		.loc 1 178 12 is_stmt 0 discriminator 2 view .LVU67
 226 0044 0020     		movs	r0, #0
 227              	.LVL14:
 228              	.L8:
 179:Drivers/STM32F0xx_HAL_Driver/Src/stm32f0xx_hal_i2c_ex.c ****   }
 180:Drivers/STM32F0xx_HAL_Driver/Src/stm32f0xx_hal_i2c_ex.c ****   else
 181:Drivers/STM32F0xx_HAL_Driver/Src/stm32f0xx_hal_i2c_ex.c ****   {
 182:Drivers/STM32F0xx_HAL_Driver/Src/stm32f0xx_hal_i2c_ex.c ****     return HAL_BUSY;
 183:Drivers/STM32F0xx_HAL_Driver/Src/stm32f0xx_hal_i2c_ex.c ****   }
 184:Drivers/STM32F0xx_HAL_Driver/Src/stm32f0xx_hal_i2c_ex.c **** }
 229              		.loc 1 184 1 view .LVU68
 230              		@ sp needed
 231 0046 F0BD     		pop	{r4, r5, r6, r7, pc}
 232              	.LVL15:
 233              	.L9:
 182:Drivers/STM32F0xx_HAL_Driver/Src/stm32f0xx_hal_i2c_ex.c ****   }
 234              		.loc 1 182 12 view .LVU69
 235 0048 0220     		movs	r0, #2
 236              	.LVL16:
 182:Drivers/STM32F0xx_HAL_Driver/Src/stm32f0xx_hal_i2c_ex.c ****   }
 237              		.loc 1 182 12 view .LVU70
 238 004a FCE7     		b	.L8
 239              	.LVL17:
 240              	.L10:
 152:Drivers/STM32F0xx_HAL_Driver/Src/stm32f0xx_hal_i2c_ex.c **** 
 241              		.loc 1 152 5 view .LVU71
 242 004c 0220     		movs	r0, #2
 243              	.LVL18:
 152:Drivers/STM32F0xx_HAL_Driver/Src/stm32f0xx_hal_i2c_ex.c **** 
 244              		.loc 1 152 5 view .LVU72
 245 004e FAE7     		b	.L8
 246              	.L12:
 247              		.align	2
 248              	.L11:
 249 0050 FFF0FFFF 		.word	-3841
 250              		.cfi_endproc
 251              	.LFE41:
 253              		.section	.text.HAL_I2CEx_EnableFastModePlus,"ax",%progbits
 254              		.align	1
 255              		.global	HAL_I2CEx_EnableFastModePlus
 256              		.syntax unified
 257              		.code	16
 258              		.thumb_func
 259              		.fpu softvfp
 261              	HAL_I2CEx_EnableFastModePlus:
 262              	.LVL19:
 263              	.LFB42:
 185:Drivers/STM32F0xx_HAL_Driver/Src/stm32f0xx_hal_i2c_ex.c **** #if defined(I2C_CR1_WUPEN)
 186:Drivers/STM32F0xx_HAL_Driver/Src/stm32f0xx_hal_i2c_ex.c **** 
 187:Drivers/STM32F0xx_HAL_Driver/Src/stm32f0xx_hal_i2c_ex.c **** /**
 188:Drivers/STM32F0xx_HAL_Driver/Src/stm32f0xx_hal_i2c_ex.c ****   * @brief  Enable I2C wakeup from Stop mode(s).
 189:Drivers/STM32F0xx_HAL_Driver/Src/stm32f0xx_hal_i2c_ex.c ****   * @param  hi2c Pointer to a I2C_HandleTypeDef structure that contains
 190:Drivers/STM32F0xx_HAL_Driver/Src/stm32f0xx_hal_i2c_ex.c ****   *                the configuration information for the specified I2Cx peripheral.
ARM GAS  /tmp/ccBYrcWj.s 			page 9


 191:Drivers/STM32F0xx_HAL_Driver/Src/stm32f0xx_hal_i2c_ex.c ****   * @retval HAL status
 192:Drivers/STM32F0xx_HAL_Driver/Src/stm32f0xx_hal_i2c_ex.c ****   */
 193:Drivers/STM32F0xx_HAL_Driver/Src/stm32f0xx_hal_i2c_ex.c **** HAL_StatusTypeDef HAL_I2CEx_EnableWakeUp(I2C_HandleTypeDef *hi2c)
 194:Drivers/STM32F0xx_HAL_Driver/Src/stm32f0xx_hal_i2c_ex.c **** {
 195:Drivers/STM32F0xx_HAL_Driver/Src/stm32f0xx_hal_i2c_ex.c ****   /* Check the parameters */
 196:Drivers/STM32F0xx_HAL_Driver/Src/stm32f0xx_hal_i2c_ex.c ****   assert_param(IS_I2C_WAKEUP_FROMSTOP_INSTANCE(hi2c->Instance));
 197:Drivers/STM32F0xx_HAL_Driver/Src/stm32f0xx_hal_i2c_ex.c **** 
 198:Drivers/STM32F0xx_HAL_Driver/Src/stm32f0xx_hal_i2c_ex.c ****   if (hi2c->State == HAL_I2C_STATE_READY)
 199:Drivers/STM32F0xx_HAL_Driver/Src/stm32f0xx_hal_i2c_ex.c ****   {
 200:Drivers/STM32F0xx_HAL_Driver/Src/stm32f0xx_hal_i2c_ex.c ****     /* Process Locked */
 201:Drivers/STM32F0xx_HAL_Driver/Src/stm32f0xx_hal_i2c_ex.c ****     __HAL_LOCK(hi2c);
 202:Drivers/STM32F0xx_HAL_Driver/Src/stm32f0xx_hal_i2c_ex.c **** 
 203:Drivers/STM32F0xx_HAL_Driver/Src/stm32f0xx_hal_i2c_ex.c ****     hi2c->State = HAL_I2C_STATE_BUSY;
 204:Drivers/STM32F0xx_HAL_Driver/Src/stm32f0xx_hal_i2c_ex.c **** 
 205:Drivers/STM32F0xx_HAL_Driver/Src/stm32f0xx_hal_i2c_ex.c ****     /* Disable the selected I2C peripheral */
 206:Drivers/STM32F0xx_HAL_Driver/Src/stm32f0xx_hal_i2c_ex.c ****     __HAL_I2C_DISABLE(hi2c);
 207:Drivers/STM32F0xx_HAL_Driver/Src/stm32f0xx_hal_i2c_ex.c **** 
 208:Drivers/STM32F0xx_HAL_Driver/Src/stm32f0xx_hal_i2c_ex.c ****     /* Enable wakeup from stop mode */
 209:Drivers/STM32F0xx_HAL_Driver/Src/stm32f0xx_hal_i2c_ex.c ****     hi2c->Instance->CR1 |= I2C_CR1_WUPEN;
 210:Drivers/STM32F0xx_HAL_Driver/Src/stm32f0xx_hal_i2c_ex.c **** 
 211:Drivers/STM32F0xx_HAL_Driver/Src/stm32f0xx_hal_i2c_ex.c ****     __HAL_I2C_ENABLE(hi2c);
 212:Drivers/STM32F0xx_HAL_Driver/Src/stm32f0xx_hal_i2c_ex.c **** 
 213:Drivers/STM32F0xx_HAL_Driver/Src/stm32f0xx_hal_i2c_ex.c ****     hi2c->State = HAL_I2C_STATE_READY;
 214:Drivers/STM32F0xx_HAL_Driver/Src/stm32f0xx_hal_i2c_ex.c **** 
 215:Drivers/STM32F0xx_HAL_Driver/Src/stm32f0xx_hal_i2c_ex.c ****     /* Process Unlocked */
 216:Drivers/STM32F0xx_HAL_Driver/Src/stm32f0xx_hal_i2c_ex.c ****     __HAL_UNLOCK(hi2c);
 217:Drivers/STM32F0xx_HAL_Driver/Src/stm32f0xx_hal_i2c_ex.c **** 
 218:Drivers/STM32F0xx_HAL_Driver/Src/stm32f0xx_hal_i2c_ex.c ****     return HAL_OK;
 219:Drivers/STM32F0xx_HAL_Driver/Src/stm32f0xx_hal_i2c_ex.c ****   }
 220:Drivers/STM32F0xx_HAL_Driver/Src/stm32f0xx_hal_i2c_ex.c ****   else
 221:Drivers/STM32F0xx_HAL_Driver/Src/stm32f0xx_hal_i2c_ex.c ****   {
 222:Drivers/STM32F0xx_HAL_Driver/Src/stm32f0xx_hal_i2c_ex.c ****     return HAL_BUSY;
 223:Drivers/STM32F0xx_HAL_Driver/Src/stm32f0xx_hal_i2c_ex.c ****   }
 224:Drivers/STM32F0xx_HAL_Driver/Src/stm32f0xx_hal_i2c_ex.c **** }
 225:Drivers/STM32F0xx_HAL_Driver/Src/stm32f0xx_hal_i2c_ex.c **** 
 226:Drivers/STM32F0xx_HAL_Driver/Src/stm32f0xx_hal_i2c_ex.c **** /**
 227:Drivers/STM32F0xx_HAL_Driver/Src/stm32f0xx_hal_i2c_ex.c ****   * @brief  Disable I2C wakeup from Stop mode(s).
 228:Drivers/STM32F0xx_HAL_Driver/Src/stm32f0xx_hal_i2c_ex.c ****   * @param  hi2c Pointer to a I2C_HandleTypeDef structure that contains
 229:Drivers/STM32F0xx_HAL_Driver/Src/stm32f0xx_hal_i2c_ex.c ****   *                the configuration information for the specified I2Cx peripheral.
 230:Drivers/STM32F0xx_HAL_Driver/Src/stm32f0xx_hal_i2c_ex.c ****   * @retval HAL status
 231:Drivers/STM32F0xx_HAL_Driver/Src/stm32f0xx_hal_i2c_ex.c ****   */
 232:Drivers/STM32F0xx_HAL_Driver/Src/stm32f0xx_hal_i2c_ex.c **** HAL_StatusTypeDef HAL_I2CEx_DisableWakeUp(I2C_HandleTypeDef *hi2c)
 233:Drivers/STM32F0xx_HAL_Driver/Src/stm32f0xx_hal_i2c_ex.c **** {
 234:Drivers/STM32F0xx_HAL_Driver/Src/stm32f0xx_hal_i2c_ex.c ****   /* Check the parameters */
 235:Drivers/STM32F0xx_HAL_Driver/Src/stm32f0xx_hal_i2c_ex.c ****   assert_param(IS_I2C_WAKEUP_FROMSTOP_INSTANCE(hi2c->Instance));
 236:Drivers/STM32F0xx_HAL_Driver/Src/stm32f0xx_hal_i2c_ex.c **** 
 237:Drivers/STM32F0xx_HAL_Driver/Src/stm32f0xx_hal_i2c_ex.c ****   if (hi2c->State == HAL_I2C_STATE_READY)
 238:Drivers/STM32F0xx_HAL_Driver/Src/stm32f0xx_hal_i2c_ex.c ****   {
 239:Drivers/STM32F0xx_HAL_Driver/Src/stm32f0xx_hal_i2c_ex.c ****     /* Process Locked */
 240:Drivers/STM32F0xx_HAL_Driver/Src/stm32f0xx_hal_i2c_ex.c ****     __HAL_LOCK(hi2c);
 241:Drivers/STM32F0xx_HAL_Driver/Src/stm32f0xx_hal_i2c_ex.c **** 
 242:Drivers/STM32F0xx_HAL_Driver/Src/stm32f0xx_hal_i2c_ex.c ****     hi2c->State = HAL_I2C_STATE_BUSY;
 243:Drivers/STM32F0xx_HAL_Driver/Src/stm32f0xx_hal_i2c_ex.c **** 
 244:Drivers/STM32F0xx_HAL_Driver/Src/stm32f0xx_hal_i2c_ex.c ****     /* Disable the selected I2C peripheral */
 245:Drivers/STM32F0xx_HAL_Driver/Src/stm32f0xx_hal_i2c_ex.c ****     __HAL_I2C_DISABLE(hi2c);
 246:Drivers/STM32F0xx_HAL_Driver/Src/stm32f0xx_hal_i2c_ex.c **** 
 247:Drivers/STM32F0xx_HAL_Driver/Src/stm32f0xx_hal_i2c_ex.c ****     /* Enable wakeup from stop mode */
ARM GAS  /tmp/ccBYrcWj.s 			page 10


 248:Drivers/STM32F0xx_HAL_Driver/Src/stm32f0xx_hal_i2c_ex.c ****     hi2c->Instance->CR1 &= ~(I2C_CR1_WUPEN);
 249:Drivers/STM32F0xx_HAL_Driver/Src/stm32f0xx_hal_i2c_ex.c **** 
 250:Drivers/STM32F0xx_HAL_Driver/Src/stm32f0xx_hal_i2c_ex.c ****     __HAL_I2C_ENABLE(hi2c);
 251:Drivers/STM32F0xx_HAL_Driver/Src/stm32f0xx_hal_i2c_ex.c **** 
 252:Drivers/STM32F0xx_HAL_Driver/Src/stm32f0xx_hal_i2c_ex.c ****     hi2c->State = HAL_I2C_STATE_READY;
 253:Drivers/STM32F0xx_HAL_Driver/Src/stm32f0xx_hal_i2c_ex.c **** 
 254:Drivers/STM32F0xx_HAL_Driver/Src/stm32f0xx_hal_i2c_ex.c ****     /* Process Unlocked */
 255:Drivers/STM32F0xx_HAL_Driver/Src/stm32f0xx_hal_i2c_ex.c ****     __HAL_UNLOCK(hi2c);
 256:Drivers/STM32F0xx_HAL_Driver/Src/stm32f0xx_hal_i2c_ex.c **** 
 257:Drivers/STM32F0xx_HAL_Driver/Src/stm32f0xx_hal_i2c_ex.c ****     return HAL_OK;
 258:Drivers/STM32F0xx_HAL_Driver/Src/stm32f0xx_hal_i2c_ex.c ****   }
 259:Drivers/STM32F0xx_HAL_Driver/Src/stm32f0xx_hal_i2c_ex.c ****   else
 260:Drivers/STM32F0xx_HAL_Driver/Src/stm32f0xx_hal_i2c_ex.c ****   {
 261:Drivers/STM32F0xx_HAL_Driver/Src/stm32f0xx_hal_i2c_ex.c ****     return HAL_BUSY;
 262:Drivers/STM32F0xx_HAL_Driver/Src/stm32f0xx_hal_i2c_ex.c ****   }
 263:Drivers/STM32F0xx_HAL_Driver/Src/stm32f0xx_hal_i2c_ex.c **** }
 264:Drivers/STM32F0xx_HAL_Driver/Src/stm32f0xx_hal_i2c_ex.c **** #endif
 265:Drivers/STM32F0xx_HAL_Driver/Src/stm32f0xx_hal_i2c_ex.c **** 
 266:Drivers/STM32F0xx_HAL_Driver/Src/stm32f0xx_hal_i2c_ex.c **** /**
 267:Drivers/STM32F0xx_HAL_Driver/Src/stm32f0xx_hal_i2c_ex.c ****   * @brief Enable the I2C fast mode plus driving capability.
 268:Drivers/STM32F0xx_HAL_Driver/Src/stm32f0xx_hal_i2c_ex.c ****   * @param ConfigFastModePlus Selects the pin.
 269:Drivers/STM32F0xx_HAL_Driver/Src/stm32f0xx_hal_i2c_ex.c ****   *   This parameter can be one of the @ref I2CEx_FastModePlus values
 270:Drivers/STM32F0xx_HAL_Driver/Src/stm32f0xx_hal_i2c_ex.c ****   * @note  For I2C1, fast mode plus driving capability can be enabled on all selected
 271:Drivers/STM32F0xx_HAL_Driver/Src/stm32f0xx_hal_i2c_ex.c ****   *        I2C1 pins using I2C_FASTMODEPLUS_I2C1 parameter or independently
 272:Drivers/STM32F0xx_HAL_Driver/Src/stm32f0xx_hal_i2c_ex.c ****   *        on each one of the following pins PB6, PB7, PB8 and PB9.
 273:Drivers/STM32F0xx_HAL_Driver/Src/stm32f0xx_hal_i2c_ex.c ****   * @note  For remaining I2C1 pins (PA14, PA15...) fast mode plus driving capability
 274:Drivers/STM32F0xx_HAL_Driver/Src/stm32f0xx_hal_i2c_ex.c ****   *        can be enabled only by using I2C_FASTMODEPLUS_I2C1 parameter.
 275:Drivers/STM32F0xx_HAL_Driver/Src/stm32f0xx_hal_i2c_ex.c ****   * @note  For all I2C2 pins fast mode plus driving capability can be enabled
 276:Drivers/STM32F0xx_HAL_Driver/Src/stm32f0xx_hal_i2c_ex.c ****   *        only by using I2C_FASTMODEPLUS_I2C2 parameter.
 277:Drivers/STM32F0xx_HAL_Driver/Src/stm32f0xx_hal_i2c_ex.c ****   * @retval None
 278:Drivers/STM32F0xx_HAL_Driver/Src/stm32f0xx_hal_i2c_ex.c ****   */
 279:Drivers/STM32F0xx_HAL_Driver/Src/stm32f0xx_hal_i2c_ex.c **** void HAL_I2CEx_EnableFastModePlus(uint32_t ConfigFastModePlus)
 280:Drivers/STM32F0xx_HAL_Driver/Src/stm32f0xx_hal_i2c_ex.c **** {
 264              		.loc 1 280 1 is_stmt 1 view -0
 265              		.cfi_startproc
 266              		@ args = 0, pretend = 0, frame = 8
 267              		@ frame_needed = 0, uses_anonymous_args = 0
 268              		@ link register save eliminated.
 269              		.loc 1 280 1 is_stmt 0 view .LVU74
 270 0000 82B0     		sub	sp, sp, #8
 271              	.LCFI2:
 272              		.cfi_def_cfa_offset 8
 281:Drivers/STM32F0xx_HAL_Driver/Src/stm32f0xx_hal_i2c_ex.c ****   /* Check the parameter */
 282:Drivers/STM32F0xx_HAL_Driver/Src/stm32f0xx_hal_i2c_ex.c ****   assert_param(IS_I2C_FASTMODEPLUS(ConfigFastModePlus));
 273              		.loc 1 282 3 is_stmt 1 view .LVU75
 283:Drivers/STM32F0xx_HAL_Driver/Src/stm32f0xx_hal_i2c_ex.c **** 
 284:Drivers/STM32F0xx_HAL_Driver/Src/stm32f0xx_hal_i2c_ex.c ****   /* Enable SYSCFG clock */
 285:Drivers/STM32F0xx_HAL_Driver/Src/stm32f0xx_hal_i2c_ex.c ****   __HAL_RCC_SYSCFG_CLK_ENABLE();
 274              		.loc 1 285 3 view .LVU76
 275              	.LBB2:
 276              		.loc 1 285 3 view .LVU77
 277              		.loc 1 285 3 view .LVU78
 278 0002 074A     		ldr	r2, .L14
 279 0004 9169     		ldr	r1, [r2, #24]
 280 0006 0123     		movs	r3, #1
 281 0008 1943     		orrs	r1, r3
 282 000a 9161     		str	r1, [r2, #24]
ARM GAS  /tmp/ccBYrcWj.s 			page 11


 283              		.loc 1 285 3 view .LVU79
 284 000c 9269     		ldr	r2, [r2, #24]
 285 000e 1340     		ands	r3, r2
 286 0010 0193     		str	r3, [sp, #4]
 287              		.loc 1 285 3 view .LVU80
 288 0012 019B     		ldr	r3, [sp, #4]
 289              	.LBE2:
 290              		.loc 1 285 3 view .LVU81
 286:Drivers/STM32F0xx_HAL_Driver/Src/stm32f0xx_hal_i2c_ex.c **** 
 287:Drivers/STM32F0xx_HAL_Driver/Src/stm32f0xx_hal_i2c_ex.c ****   /* Enable fast mode plus driving capability for selected pin */
 288:Drivers/STM32F0xx_HAL_Driver/Src/stm32f0xx_hal_i2c_ex.c ****   SET_BIT(SYSCFG->CFGR1, (uint32_t)ConfigFastModePlus);
 291              		.loc 1 288 3 view .LVU82
 292 0014 034A     		ldr	r2, .L14+4
 293 0016 1368     		ldr	r3, [r2]
 294 0018 0343     		orrs	r3, r0
 295 001a 1360     		str	r3, [r2]
 289:Drivers/STM32F0xx_HAL_Driver/Src/stm32f0xx_hal_i2c_ex.c **** }
 296              		.loc 1 289 1 is_stmt 0 view .LVU83
 297 001c 02B0     		add	sp, sp, #8
 298              		@ sp needed
 299 001e 7047     		bx	lr
 300              	.L15:
 301              		.align	2
 302              	.L14:
 303 0020 00100240 		.word	1073876992
 304 0024 00000140 		.word	1073807360
 305              		.cfi_endproc
 306              	.LFE42:
 308              		.section	.text.HAL_I2CEx_DisableFastModePlus,"ax",%progbits
 309              		.align	1
 310              		.global	HAL_I2CEx_DisableFastModePlus
 311              		.syntax unified
 312              		.code	16
 313              		.thumb_func
 314              		.fpu softvfp
 316              	HAL_I2CEx_DisableFastModePlus:
 317              	.LVL20:
 318              	.LFB43:
 290:Drivers/STM32F0xx_HAL_Driver/Src/stm32f0xx_hal_i2c_ex.c **** 
 291:Drivers/STM32F0xx_HAL_Driver/Src/stm32f0xx_hal_i2c_ex.c **** /**
 292:Drivers/STM32F0xx_HAL_Driver/Src/stm32f0xx_hal_i2c_ex.c ****   * @brief Disable the I2C fast mode plus driving capability.
 293:Drivers/STM32F0xx_HAL_Driver/Src/stm32f0xx_hal_i2c_ex.c ****   * @param ConfigFastModePlus Selects the pin.
 294:Drivers/STM32F0xx_HAL_Driver/Src/stm32f0xx_hal_i2c_ex.c ****   *   This parameter can be one of the @ref I2CEx_FastModePlus values
 295:Drivers/STM32F0xx_HAL_Driver/Src/stm32f0xx_hal_i2c_ex.c ****   * @note  For I2C1, fast mode plus driving capability can be disabled on all selected
 296:Drivers/STM32F0xx_HAL_Driver/Src/stm32f0xx_hal_i2c_ex.c ****   *        I2C1 pins using I2C_FASTMODEPLUS_I2C1 parameter or independently
 297:Drivers/STM32F0xx_HAL_Driver/Src/stm32f0xx_hal_i2c_ex.c ****   *        on each one of the following pins PB6, PB7, PB8 and PB9.
 298:Drivers/STM32F0xx_HAL_Driver/Src/stm32f0xx_hal_i2c_ex.c ****   * @note  For remaining I2C1 pins (PA14, PA15...) fast mode plus driving capability
 299:Drivers/STM32F0xx_HAL_Driver/Src/stm32f0xx_hal_i2c_ex.c ****   *        can be disabled only by using I2C_FASTMODEPLUS_I2C1 parameter.
 300:Drivers/STM32F0xx_HAL_Driver/Src/stm32f0xx_hal_i2c_ex.c ****   * @note  For all I2C2 pins fast mode plus driving capability can be disabled
 301:Drivers/STM32F0xx_HAL_Driver/Src/stm32f0xx_hal_i2c_ex.c ****   *        only by using I2C_FASTMODEPLUS_I2C2 parameter.
 302:Drivers/STM32F0xx_HAL_Driver/Src/stm32f0xx_hal_i2c_ex.c ****   * @retval None
 303:Drivers/STM32F0xx_HAL_Driver/Src/stm32f0xx_hal_i2c_ex.c ****   */
 304:Drivers/STM32F0xx_HAL_Driver/Src/stm32f0xx_hal_i2c_ex.c **** void HAL_I2CEx_DisableFastModePlus(uint32_t ConfigFastModePlus)
 305:Drivers/STM32F0xx_HAL_Driver/Src/stm32f0xx_hal_i2c_ex.c **** {
 319              		.loc 1 305 1 is_stmt 1 view -0
 320              		.cfi_startproc
 321              		@ args = 0, pretend = 0, frame = 8
ARM GAS  /tmp/ccBYrcWj.s 			page 12


 322              		@ frame_needed = 0, uses_anonymous_args = 0
 323              		@ link register save eliminated.
 324              		.loc 1 305 1 is_stmt 0 view .LVU85
 325 0000 82B0     		sub	sp, sp, #8
 326              	.LCFI3:
 327              		.cfi_def_cfa_offset 8
 306:Drivers/STM32F0xx_HAL_Driver/Src/stm32f0xx_hal_i2c_ex.c ****   /* Check the parameter */
 307:Drivers/STM32F0xx_HAL_Driver/Src/stm32f0xx_hal_i2c_ex.c ****   assert_param(IS_I2C_FASTMODEPLUS(ConfigFastModePlus));
 328              		.loc 1 307 3 is_stmt 1 view .LVU86
 308:Drivers/STM32F0xx_HAL_Driver/Src/stm32f0xx_hal_i2c_ex.c **** 
 309:Drivers/STM32F0xx_HAL_Driver/Src/stm32f0xx_hal_i2c_ex.c ****   /* Enable SYSCFG clock */
 310:Drivers/STM32F0xx_HAL_Driver/Src/stm32f0xx_hal_i2c_ex.c ****   __HAL_RCC_SYSCFG_CLK_ENABLE();
 329              		.loc 1 310 3 view .LVU87
 330              	.LBB3:
 331              		.loc 1 310 3 view .LVU88
 332              		.loc 1 310 3 view .LVU89
 333 0002 074A     		ldr	r2, .L17
 334 0004 9169     		ldr	r1, [r2, #24]
 335 0006 0123     		movs	r3, #1
 336 0008 1943     		orrs	r1, r3
 337 000a 9161     		str	r1, [r2, #24]
 338              		.loc 1 310 3 view .LVU90
 339 000c 9269     		ldr	r2, [r2, #24]
 340 000e 1340     		ands	r3, r2
 341 0010 0193     		str	r3, [sp, #4]
 342              		.loc 1 310 3 view .LVU91
 343 0012 019B     		ldr	r3, [sp, #4]
 344              	.LBE3:
 345              		.loc 1 310 3 view .LVU92
 311:Drivers/STM32F0xx_HAL_Driver/Src/stm32f0xx_hal_i2c_ex.c **** 
 312:Drivers/STM32F0xx_HAL_Driver/Src/stm32f0xx_hal_i2c_ex.c ****   /* Disable fast mode plus driving capability for selected pin */
 313:Drivers/STM32F0xx_HAL_Driver/Src/stm32f0xx_hal_i2c_ex.c ****   CLEAR_BIT(SYSCFG->CFGR1, (uint32_t)ConfigFastModePlus);
 346              		.loc 1 313 3 view .LVU93
 347 0014 034A     		ldr	r2, .L17+4
 348 0016 1368     		ldr	r3, [r2]
 349 0018 8343     		bics	r3, r0
 350 001a 1360     		str	r3, [r2]
 314:Drivers/STM32F0xx_HAL_Driver/Src/stm32f0xx_hal_i2c_ex.c **** }
 351              		.loc 1 314 1 is_stmt 0 view .LVU94
 352 001c 02B0     		add	sp, sp, #8
 353              		@ sp needed
 354 001e 7047     		bx	lr
 355              	.L18:
 356              		.align	2
 357              	.L17:
 358 0020 00100240 		.word	1073876992
 359 0024 00000140 		.word	1073807360
 360              		.cfi_endproc
 361              	.LFE43:
 363              		.text
 364              	.Letext0:
 365              		.file 2 "/usr/lib/gcc/arm-none-eabi/9.2.1/include/stdint.h"
 366              		.file 3 "Drivers/CMSIS/Device/ST/STM32F0xx/Include/system_stm32f0xx.h"
 367              		.file 4 "Drivers/CMSIS/Device/ST/STM32F0xx/Include/stm32f070xb.h"
 368              		.file 5 "Drivers/STM32F0xx_HAL_Driver/Inc/stm32f0xx_hal_def.h"
 369              		.file 6 "Drivers/STM32F0xx_HAL_Driver/Inc/stm32f0xx_hal_dma.h"
 370              		.file 7 "Drivers/STM32F0xx_HAL_Driver/Inc/stm32f0xx_hal_i2c.h"
ARM GAS  /tmp/ccBYrcWj.s 			page 13


 371              		.file 8 "Drivers/STM32F0xx_HAL_Driver/Inc/stm32f0xx_hal.h"
ARM GAS  /tmp/ccBYrcWj.s 			page 14


DEFINED SYMBOLS
                            *ABS*:0000000000000000 stm32f0xx_hal_i2c_ex.c
     /tmp/ccBYrcWj.s:16     .text.HAL_I2CEx_ConfigAnalogFilter:0000000000000000 $t
     /tmp/ccBYrcWj.s:24     .text.HAL_I2CEx_ConfigAnalogFilter:0000000000000000 HAL_I2CEx_ConfigAnalogFilter
     /tmp/ccBYrcWj.s:127    .text.HAL_I2CEx_ConfigAnalogFilter:0000000000000054 $d
     /tmp/ccBYrcWj.s:132    .text.HAL_I2CEx_ConfigDigitalFilter:0000000000000000 $t
     /tmp/ccBYrcWj.s:139    .text.HAL_I2CEx_ConfigDigitalFilter:0000000000000000 HAL_I2CEx_ConfigDigitalFilter
     /tmp/ccBYrcWj.s:249    .text.HAL_I2CEx_ConfigDigitalFilter:0000000000000050 $d
     /tmp/ccBYrcWj.s:254    .text.HAL_I2CEx_EnableFastModePlus:0000000000000000 $t
     /tmp/ccBYrcWj.s:261    .text.HAL_I2CEx_EnableFastModePlus:0000000000000000 HAL_I2CEx_EnableFastModePlus
     /tmp/ccBYrcWj.s:303    .text.HAL_I2CEx_EnableFastModePlus:0000000000000020 $d
     /tmp/ccBYrcWj.s:309    .text.HAL_I2CEx_DisableFastModePlus:0000000000000000 $t
     /tmp/ccBYrcWj.s:316    .text.HAL_I2CEx_DisableFastModePlus:0000000000000000 HAL_I2CEx_DisableFastModePlus
     /tmp/ccBYrcWj.s:358    .text.HAL_I2CEx_DisableFastModePlus:0000000000000020 $d

NO UNDEFINED SYMBOLS
