ARM GAS  /tmp/cc36cErC.s 			page 1


   1              		.cpu cortex-m0
   2              		.eabi_attribute 20, 1
   3              		.eabi_attribute 21, 1
   4              		.eabi_attribute 23, 3
   5              		.eabi_attribute 24, 1
   6              		.eabi_attribute 25, 1
   7              		.eabi_attribute 26, 1
   8              		.eabi_attribute 30, 1
   9              		.eabi_attribute 34, 0
  10              		.eabi_attribute 18, 4
  11              		.file	"usbd_cdc_if.c"
  12              		.text
  13              	.Ltext0:
  14              		.cfi_sections	.debug_frame
  15              		.section	.text.CDC_DeInit_FS,"ax",%progbits
  16              		.align	1
  17              		.arch armv6s-m
  18              		.syntax unified
  19              		.code	16
  20              		.thumb_func
  21              		.fpu softvfp
  23              	CDC_DeInit_FS:
  24              	.LFB44:
  25              		.file 1 "USB_DEVICE/App/usbd_cdc_if.c"
   1:USB_DEVICE/App/usbd_cdc_if.c **** /* USER CODE BEGIN Header */
   2:USB_DEVICE/App/usbd_cdc_if.c **** /**
   3:USB_DEVICE/App/usbd_cdc_if.c ****   ******************************************************************************
   4:USB_DEVICE/App/usbd_cdc_if.c ****   * @file           : usbd_cdc_if.c
   5:USB_DEVICE/App/usbd_cdc_if.c ****   * @version        : v2.0_Cube
   6:USB_DEVICE/App/usbd_cdc_if.c ****   * @brief          : Usb device for Virtual Com Port.
   7:USB_DEVICE/App/usbd_cdc_if.c ****   ******************************************************************************
   8:USB_DEVICE/App/usbd_cdc_if.c ****   * @attention
   9:USB_DEVICE/App/usbd_cdc_if.c ****   *
  10:USB_DEVICE/App/usbd_cdc_if.c ****   * <h2><center>&copy; Copyright (c) 2021 STMicroelectronics.
  11:USB_DEVICE/App/usbd_cdc_if.c ****   * All rights reserved.</center></h2>
  12:USB_DEVICE/App/usbd_cdc_if.c ****   *
  13:USB_DEVICE/App/usbd_cdc_if.c ****   * This software component is licensed by ST under Ultimate Liberty license
  14:USB_DEVICE/App/usbd_cdc_if.c ****   * SLA0044, the "License"; You may not use this file except in compliance with
  15:USB_DEVICE/App/usbd_cdc_if.c ****   * the License. You may obtain a copy of the License at:
  16:USB_DEVICE/App/usbd_cdc_if.c ****   *                             www.st.com/SLA0044
  17:USB_DEVICE/App/usbd_cdc_if.c ****   *
  18:USB_DEVICE/App/usbd_cdc_if.c ****   ******************************************************************************
  19:USB_DEVICE/App/usbd_cdc_if.c ****   */
  20:USB_DEVICE/App/usbd_cdc_if.c **** /* USER CODE END Header */
  21:USB_DEVICE/App/usbd_cdc_if.c **** 
  22:USB_DEVICE/App/usbd_cdc_if.c **** /* Includes ------------------------------------------------------------------*/
  23:USB_DEVICE/App/usbd_cdc_if.c **** #include "usbd_cdc_if.h"
  24:USB_DEVICE/App/usbd_cdc_if.c **** 
  25:USB_DEVICE/App/usbd_cdc_if.c **** /* USER CODE BEGIN INCLUDE */
  26:USB_DEVICE/App/usbd_cdc_if.c **** 
  27:USB_DEVICE/App/usbd_cdc_if.c **** /* USER CODE END INCLUDE */
  28:USB_DEVICE/App/usbd_cdc_if.c **** 
  29:USB_DEVICE/App/usbd_cdc_if.c **** /* Private typedef -----------------------------------------------------------*/
  30:USB_DEVICE/App/usbd_cdc_if.c **** /* Private define ------------------------------------------------------------*/
  31:USB_DEVICE/App/usbd_cdc_if.c **** /* Private macro -------------------------------------------------------------*/
  32:USB_DEVICE/App/usbd_cdc_if.c **** 
  33:USB_DEVICE/App/usbd_cdc_if.c **** /* USER CODE BEGIN PV */
ARM GAS  /tmp/cc36cErC.s 			page 2


  34:USB_DEVICE/App/usbd_cdc_if.c **** /* Private variables ---------------------------------------------------------*/
  35:USB_DEVICE/App/usbd_cdc_if.c **** 
  36:USB_DEVICE/App/usbd_cdc_if.c **** /* Create FIFO*/
  37:USB_DEVICE/App/usbd_cdc_if.c **** FIFO RX_FIFO = {.head=0, .tail=0};
  38:USB_DEVICE/App/usbd_cdc_if.c **** /* USER CODE END PV */
  39:USB_DEVICE/App/usbd_cdc_if.c **** 
  40:USB_DEVICE/App/usbd_cdc_if.c **** /** @addtogroup STM32_USB_OTG_DEVICE_LIBRARY
  41:USB_DEVICE/App/usbd_cdc_if.c ****   * @brief Usb device library.
  42:USB_DEVICE/App/usbd_cdc_if.c ****   * @{
  43:USB_DEVICE/App/usbd_cdc_if.c ****   */
  44:USB_DEVICE/App/usbd_cdc_if.c **** 
  45:USB_DEVICE/App/usbd_cdc_if.c **** /** @addtogroup USBD_CDC_IF
  46:USB_DEVICE/App/usbd_cdc_if.c ****   * @{
  47:USB_DEVICE/App/usbd_cdc_if.c ****   */
  48:USB_DEVICE/App/usbd_cdc_if.c **** 
  49:USB_DEVICE/App/usbd_cdc_if.c **** /** @defgroup USBD_CDC_IF_Private_TypesDefinitions USBD_CDC_IF_Private_TypesDefinitions
  50:USB_DEVICE/App/usbd_cdc_if.c ****   * @brief Private types.
  51:USB_DEVICE/App/usbd_cdc_if.c ****   * @{
  52:USB_DEVICE/App/usbd_cdc_if.c ****   */
  53:USB_DEVICE/App/usbd_cdc_if.c **** 
  54:USB_DEVICE/App/usbd_cdc_if.c **** /* USER CODE BEGIN PRIVATE_TYPES */
  55:USB_DEVICE/App/usbd_cdc_if.c **** 
  56:USB_DEVICE/App/usbd_cdc_if.c **** /* USER CODE END PRIVATE_TYPES */
  57:USB_DEVICE/App/usbd_cdc_if.c **** 
  58:USB_DEVICE/App/usbd_cdc_if.c **** /**
  59:USB_DEVICE/App/usbd_cdc_if.c ****   * @}
  60:USB_DEVICE/App/usbd_cdc_if.c ****   */
  61:USB_DEVICE/App/usbd_cdc_if.c **** 
  62:USB_DEVICE/App/usbd_cdc_if.c **** /** @defgroup USBD_CDC_IF_Private_Defines USBD_CDC_IF_Private_Defines
  63:USB_DEVICE/App/usbd_cdc_if.c ****   * @brief Private defines.
  64:USB_DEVICE/App/usbd_cdc_if.c ****   * @{
  65:USB_DEVICE/App/usbd_cdc_if.c ****   */
  66:USB_DEVICE/App/usbd_cdc_if.c **** 
  67:USB_DEVICE/App/usbd_cdc_if.c **** /* USER CODE BEGIN PRIVATE_DEFINES */
  68:USB_DEVICE/App/usbd_cdc_if.c **** /* USER CODE END PRIVATE_DEFINES */
  69:USB_DEVICE/App/usbd_cdc_if.c **** 
  70:USB_DEVICE/App/usbd_cdc_if.c **** /**
  71:USB_DEVICE/App/usbd_cdc_if.c ****   * @}
  72:USB_DEVICE/App/usbd_cdc_if.c ****   */
  73:USB_DEVICE/App/usbd_cdc_if.c **** 
  74:USB_DEVICE/App/usbd_cdc_if.c **** /** @defgroup USBD_CDC_IF_Private_Macros USBD_CDC_IF_Private_Macros
  75:USB_DEVICE/App/usbd_cdc_if.c ****   * @brief Private macros.
  76:USB_DEVICE/App/usbd_cdc_if.c ****   * @{
  77:USB_DEVICE/App/usbd_cdc_if.c ****   */
  78:USB_DEVICE/App/usbd_cdc_if.c **** 
  79:USB_DEVICE/App/usbd_cdc_if.c **** /* USER CODE BEGIN PRIVATE_MACRO */
  80:USB_DEVICE/App/usbd_cdc_if.c **** 
  81:USB_DEVICE/App/usbd_cdc_if.c **** /* USER CODE END PRIVATE_MACRO */
  82:USB_DEVICE/App/usbd_cdc_if.c **** 
  83:USB_DEVICE/App/usbd_cdc_if.c **** /**
  84:USB_DEVICE/App/usbd_cdc_if.c ****   * @}
  85:USB_DEVICE/App/usbd_cdc_if.c ****   */
  86:USB_DEVICE/App/usbd_cdc_if.c **** 
  87:USB_DEVICE/App/usbd_cdc_if.c **** /** @defgroup USBD_CDC_IF_Private_Variables USBD_CDC_IF_Private_Variables
  88:USB_DEVICE/App/usbd_cdc_if.c ****   * @brief Private variables.
  89:USB_DEVICE/App/usbd_cdc_if.c ****   * @{
  90:USB_DEVICE/App/usbd_cdc_if.c ****   */
ARM GAS  /tmp/cc36cErC.s 			page 3


  91:USB_DEVICE/App/usbd_cdc_if.c **** /* Create buffer for reception and transmission           */
  92:USB_DEVICE/App/usbd_cdc_if.c **** /* It's up to user to redefine and/or remove those define */
  93:USB_DEVICE/App/usbd_cdc_if.c **** /** Received data over USB are stored in this buffer      */
  94:USB_DEVICE/App/usbd_cdc_if.c **** uint8_t UserRxBufferFS[APP_RX_DATA_SIZE];
  95:USB_DEVICE/App/usbd_cdc_if.c **** 
  96:USB_DEVICE/App/usbd_cdc_if.c **** /** Data to send over USB CDC are stored in this buffer   */
  97:USB_DEVICE/App/usbd_cdc_if.c **** uint8_t UserTxBufferFS[APP_TX_DATA_SIZE];
  98:USB_DEVICE/App/usbd_cdc_if.c **** 
  99:USB_DEVICE/App/usbd_cdc_if.c **** /* USER CODE BEGIN PRIVATE_VARIABLES */
 100:USB_DEVICE/App/usbd_cdc_if.c **** 
 101:USB_DEVICE/App/usbd_cdc_if.c **** /* USER CODE END PRIVATE_VARIABLES */
 102:USB_DEVICE/App/usbd_cdc_if.c **** 
 103:USB_DEVICE/App/usbd_cdc_if.c **** /**
 104:USB_DEVICE/App/usbd_cdc_if.c ****   * @}
 105:USB_DEVICE/App/usbd_cdc_if.c ****   */
 106:USB_DEVICE/App/usbd_cdc_if.c **** 
 107:USB_DEVICE/App/usbd_cdc_if.c **** /** @defgroup USBD_CDC_IF_Exported_Variables USBD_CDC_IF_Exported_Variables
 108:USB_DEVICE/App/usbd_cdc_if.c ****   * @brief Public variables.
 109:USB_DEVICE/App/usbd_cdc_if.c ****   * @{
 110:USB_DEVICE/App/usbd_cdc_if.c ****   */
 111:USB_DEVICE/App/usbd_cdc_if.c **** 
 112:USB_DEVICE/App/usbd_cdc_if.c **** extern USBD_HandleTypeDef hUsbDeviceFS;
 113:USB_DEVICE/App/usbd_cdc_if.c **** 
 114:USB_DEVICE/App/usbd_cdc_if.c **** /* USER CODE BEGIN EXPORTED_VARIABLES */
 115:USB_DEVICE/App/usbd_cdc_if.c **** 
 116:USB_DEVICE/App/usbd_cdc_if.c **** /* USER CODE END EXPORTED_VARIABLES */
 117:USB_DEVICE/App/usbd_cdc_if.c **** 
 118:USB_DEVICE/App/usbd_cdc_if.c **** /**
 119:USB_DEVICE/App/usbd_cdc_if.c ****   * @}
 120:USB_DEVICE/App/usbd_cdc_if.c ****   */
 121:USB_DEVICE/App/usbd_cdc_if.c **** 
 122:USB_DEVICE/App/usbd_cdc_if.c **** /** @defgroup USBD_CDC_IF_Private_FunctionPrototypes USBD_CDC_IF_Private_FunctionPrototypes
 123:USB_DEVICE/App/usbd_cdc_if.c ****   * @brief Private functions declaration.
 124:USB_DEVICE/App/usbd_cdc_if.c ****   * @{
 125:USB_DEVICE/App/usbd_cdc_if.c ****   */
 126:USB_DEVICE/App/usbd_cdc_if.c **** 
 127:USB_DEVICE/App/usbd_cdc_if.c **** static int8_t CDC_Init_FS(void);
 128:USB_DEVICE/App/usbd_cdc_if.c **** static int8_t CDC_DeInit_FS(void);
 129:USB_DEVICE/App/usbd_cdc_if.c **** static int8_t CDC_Control_FS(uint8_t cmd, uint8_t* pbuf, uint16_t length);
 130:USB_DEVICE/App/usbd_cdc_if.c **** static int8_t CDC_Receive_FS(uint8_t* pbuf, uint32_t *Len);
 131:USB_DEVICE/App/usbd_cdc_if.c **** 
 132:USB_DEVICE/App/usbd_cdc_if.c **** /* USER CODE BEGIN PRIVATE_FUNCTIONS_DECLARATION */
 133:USB_DEVICE/App/usbd_cdc_if.c **** 
 134:USB_DEVICE/App/usbd_cdc_if.c **** /* USER CODE END PRIVATE_FUNCTIONS_DECLARATION */
 135:USB_DEVICE/App/usbd_cdc_if.c **** 
 136:USB_DEVICE/App/usbd_cdc_if.c **** /**
 137:USB_DEVICE/App/usbd_cdc_if.c ****   * @}
 138:USB_DEVICE/App/usbd_cdc_if.c ****   */
 139:USB_DEVICE/App/usbd_cdc_if.c **** 
 140:USB_DEVICE/App/usbd_cdc_if.c **** USBD_CDC_ItfTypeDef USBD_Interface_fops_FS =
 141:USB_DEVICE/App/usbd_cdc_if.c **** {
 142:USB_DEVICE/App/usbd_cdc_if.c ****   CDC_Init_FS,
 143:USB_DEVICE/App/usbd_cdc_if.c ****   CDC_DeInit_FS,
 144:USB_DEVICE/App/usbd_cdc_if.c ****   CDC_Control_FS,
 145:USB_DEVICE/App/usbd_cdc_if.c ****   CDC_Receive_FS
 146:USB_DEVICE/App/usbd_cdc_if.c **** };
 147:USB_DEVICE/App/usbd_cdc_if.c **** 
ARM GAS  /tmp/cc36cErC.s 			page 4


 148:USB_DEVICE/App/usbd_cdc_if.c **** /* Private functions ---------------------------------------------------------*/
 149:USB_DEVICE/App/usbd_cdc_if.c **** /**
 150:USB_DEVICE/App/usbd_cdc_if.c ****   * @brief  Initializes the CDC media low layer over the FS USB IP
 151:USB_DEVICE/App/usbd_cdc_if.c ****   * @retval USBD_OK if all operations are OK else USBD_FAIL
 152:USB_DEVICE/App/usbd_cdc_if.c ****   */
 153:USB_DEVICE/App/usbd_cdc_if.c **** static int8_t CDC_Init_FS(void)
 154:USB_DEVICE/App/usbd_cdc_if.c **** {
 155:USB_DEVICE/App/usbd_cdc_if.c ****   /* USER CODE BEGIN 3 */
 156:USB_DEVICE/App/usbd_cdc_if.c ****   /* Set Application Buffers */
 157:USB_DEVICE/App/usbd_cdc_if.c ****   USBD_CDC_SetTxBuffer(&hUsbDeviceFS, UserTxBufferFS, 0);
 158:USB_DEVICE/App/usbd_cdc_if.c ****   USBD_CDC_SetRxBuffer(&hUsbDeviceFS, UserRxBufferFS);
 159:USB_DEVICE/App/usbd_cdc_if.c ****   return (USBD_OK);
 160:USB_DEVICE/App/usbd_cdc_if.c ****   /* USER CODE END 3 */
 161:USB_DEVICE/App/usbd_cdc_if.c **** }
 162:USB_DEVICE/App/usbd_cdc_if.c **** 
 163:USB_DEVICE/App/usbd_cdc_if.c **** /**
 164:USB_DEVICE/App/usbd_cdc_if.c ****   * @brief  DeInitializes the CDC media low layer
 165:USB_DEVICE/App/usbd_cdc_if.c ****   * @retval USBD_OK if all operations are OK else USBD_FAIL
 166:USB_DEVICE/App/usbd_cdc_if.c ****   */
 167:USB_DEVICE/App/usbd_cdc_if.c **** static int8_t CDC_DeInit_FS(void)
 168:USB_DEVICE/App/usbd_cdc_if.c **** {
  26              		.loc 1 168 1 view -0
  27              		.cfi_startproc
  28              		@ args = 0, pretend = 0, frame = 0
  29              		@ frame_needed = 0, uses_anonymous_args = 0
  30              		@ link register save eliminated.
 169:USB_DEVICE/App/usbd_cdc_if.c ****   /* USER CODE BEGIN 4 */
 170:USB_DEVICE/App/usbd_cdc_if.c ****   return (USBD_OK);
  31              		.loc 1 170 3 view .LVU1
 171:USB_DEVICE/App/usbd_cdc_if.c ****   /* USER CODE END 4 */
 172:USB_DEVICE/App/usbd_cdc_if.c **** }
  32              		.loc 1 172 1 is_stmt 0 view .LVU2
  33 0000 0020     		movs	r0, #0
  34              		@ sp needed
  35 0002 7047     		bx	lr
  36              		.cfi_endproc
  37              	.LFE44:
  39              		.section	.text.CDC_Control_FS,"ax",%progbits
  40              		.align	1
  41              		.syntax unified
  42              		.code	16
  43              		.thumb_func
  44              		.fpu softvfp
  46              	CDC_Control_FS:
  47              	.LVL0:
  48              	.LFB45:
 173:USB_DEVICE/App/usbd_cdc_if.c **** 
 174:USB_DEVICE/App/usbd_cdc_if.c **** /**
 175:USB_DEVICE/App/usbd_cdc_if.c ****   * @brief  Manage the CDC class requests
 176:USB_DEVICE/App/usbd_cdc_if.c ****   * @param  cmd: Command code
 177:USB_DEVICE/App/usbd_cdc_if.c ****   * @param  pbuf: Buffer containing command data (request parameters)
 178:USB_DEVICE/App/usbd_cdc_if.c ****   * @param  length: Number of data to be sent (in bytes)
 179:USB_DEVICE/App/usbd_cdc_if.c ****   * @retval Result of the operation: USBD_OK if all operations are OK else USBD_FAIL
 180:USB_DEVICE/App/usbd_cdc_if.c ****   */
 181:USB_DEVICE/App/usbd_cdc_if.c **** static int8_t CDC_Control_FS(uint8_t cmd, uint8_t* pbuf, uint16_t length)
 182:USB_DEVICE/App/usbd_cdc_if.c **** {
  49              		.loc 1 182 1 is_stmt 1 view -0
ARM GAS  /tmp/cc36cErC.s 			page 5


  50              		.cfi_startproc
  51              		@ args = 0, pretend = 0, frame = 0
  52              		@ frame_needed = 0, uses_anonymous_args = 0
  53              		@ link register save eliminated.
 183:USB_DEVICE/App/usbd_cdc_if.c ****   /* USER CODE BEGIN 5 */
 184:USB_DEVICE/App/usbd_cdc_if.c ****   switch(cmd)
  54              		.loc 1 184 3 view .LVU4
 185:USB_DEVICE/App/usbd_cdc_if.c ****   {
 186:USB_DEVICE/App/usbd_cdc_if.c ****     case CDC_SEND_ENCAPSULATED_COMMAND:
 187:USB_DEVICE/App/usbd_cdc_if.c **** 
 188:USB_DEVICE/App/usbd_cdc_if.c ****     break;
 189:USB_DEVICE/App/usbd_cdc_if.c **** 
 190:USB_DEVICE/App/usbd_cdc_if.c ****     case CDC_GET_ENCAPSULATED_RESPONSE:
 191:USB_DEVICE/App/usbd_cdc_if.c **** 
 192:USB_DEVICE/App/usbd_cdc_if.c ****     break;
 193:USB_DEVICE/App/usbd_cdc_if.c **** 
 194:USB_DEVICE/App/usbd_cdc_if.c ****     case CDC_SET_COMM_FEATURE:
 195:USB_DEVICE/App/usbd_cdc_if.c **** 
 196:USB_DEVICE/App/usbd_cdc_if.c ****     break;
 197:USB_DEVICE/App/usbd_cdc_if.c **** 
 198:USB_DEVICE/App/usbd_cdc_if.c ****     case CDC_GET_COMM_FEATURE:
 199:USB_DEVICE/App/usbd_cdc_if.c **** 
 200:USB_DEVICE/App/usbd_cdc_if.c ****     break;
 201:USB_DEVICE/App/usbd_cdc_if.c **** 
 202:USB_DEVICE/App/usbd_cdc_if.c ****     case CDC_CLEAR_COMM_FEATURE:
 203:USB_DEVICE/App/usbd_cdc_if.c **** 
 204:USB_DEVICE/App/usbd_cdc_if.c ****     break;
 205:USB_DEVICE/App/usbd_cdc_if.c **** 
 206:USB_DEVICE/App/usbd_cdc_if.c ****   /*******************************************************************************/
 207:USB_DEVICE/App/usbd_cdc_if.c ****   /* Line Coding Structure                                                       */
 208:USB_DEVICE/App/usbd_cdc_if.c ****   /*-----------------------------------------------------------------------------*/
 209:USB_DEVICE/App/usbd_cdc_if.c ****   /* Offset | Field       | Size | Value  | Description                          */
 210:USB_DEVICE/App/usbd_cdc_if.c ****   /* 0      | dwDTERate   |   4  | Number |Data terminal rate, in bits per second*/
 211:USB_DEVICE/App/usbd_cdc_if.c ****   /* 4      | bCharFormat |   1  | Number | Stop bits                            */
 212:USB_DEVICE/App/usbd_cdc_if.c ****   /*                                        0 - 1 Stop bit                       */
 213:USB_DEVICE/App/usbd_cdc_if.c ****   /*                                        1 - 1.5 Stop bits                    */
 214:USB_DEVICE/App/usbd_cdc_if.c ****   /*                                        2 - 2 Stop bits                      */
 215:USB_DEVICE/App/usbd_cdc_if.c ****   /* 5      | bParityType |  1   | Number | Parity                               */
 216:USB_DEVICE/App/usbd_cdc_if.c ****   /*                                        0 - None                             */
 217:USB_DEVICE/App/usbd_cdc_if.c ****   /*                                        1 - Odd                              */
 218:USB_DEVICE/App/usbd_cdc_if.c ****   /*                                        2 - Even                             */
 219:USB_DEVICE/App/usbd_cdc_if.c ****   /*                                        3 - Mark                             */
 220:USB_DEVICE/App/usbd_cdc_if.c ****   /*                                        4 - Space                            */
 221:USB_DEVICE/App/usbd_cdc_if.c ****   /* 6      | bDataBits  |   1   | Number Data bits (5, 6, 7, 8 or 16).          */
 222:USB_DEVICE/App/usbd_cdc_if.c ****   /*******************************************************************************/
 223:USB_DEVICE/App/usbd_cdc_if.c ****     case CDC_SET_LINE_CODING:
 224:USB_DEVICE/App/usbd_cdc_if.c **** 
 225:USB_DEVICE/App/usbd_cdc_if.c ****     break;
 226:USB_DEVICE/App/usbd_cdc_if.c **** 
 227:USB_DEVICE/App/usbd_cdc_if.c ****     case CDC_GET_LINE_CODING:
 228:USB_DEVICE/App/usbd_cdc_if.c **** 
 229:USB_DEVICE/App/usbd_cdc_if.c ****     break;
 230:USB_DEVICE/App/usbd_cdc_if.c **** 
 231:USB_DEVICE/App/usbd_cdc_if.c ****     case CDC_SET_CONTROL_LINE_STATE:
 232:USB_DEVICE/App/usbd_cdc_if.c **** 
 233:USB_DEVICE/App/usbd_cdc_if.c ****     break;
 234:USB_DEVICE/App/usbd_cdc_if.c **** 
ARM GAS  /tmp/cc36cErC.s 			page 6


 235:USB_DEVICE/App/usbd_cdc_if.c ****     case CDC_SEND_BREAK:
 236:USB_DEVICE/App/usbd_cdc_if.c **** 
 237:USB_DEVICE/App/usbd_cdc_if.c ****     break;
 238:USB_DEVICE/App/usbd_cdc_if.c **** 
 239:USB_DEVICE/App/usbd_cdc_if.c ****   default:
 240:USB_DEVICE/App/usbd_cdc_if.c ****     break;
 241:USB_DEVICE/App/usbd_cdc_if.c ****   }
 242:USB_DEVICE/App/usbd_cdc_if.c **** 
 243:USB_DEVICE/App/usbd_cdc_if.c ****   return (USBD_OK);
  55              		.loc 1 243 3 view .LVU5
 244:USB_DEVICE/App/usbd_cdc_if.c ****   /* USER CODE END 5 */
 245:USB_DEVICE/App/usbd_cdc_if.c **** }
  56              		.loc 1 245 1 is_stmt 0 view .LVU6
  57 0000 0020     		movs	r0, #0
  58              	.LVL1:
  59              		.loc 1 245 1 view .LVU7
  60              		@ sp needed
  61 0002 7047     		bx	lr
  62              		.cfi_endproc
  63              	.LFE45:
  65              		.section	.text.CDC_Receive_FS,"ax",%progbits
  66              		.align	1
  67              		.syntax unified
  68              		.code	16
  69              		.thumb_func
  70              		.fpu softvfp
  72              	CDC_Receive_FS:
  73              	.LVL2:
  74              	.LFB46:
 246:USB_DEVICE/App/usbd_cdc_if.c **** 
 247:USB_DEVICE/App/usbd_cdc_if.c **** /**
 248:USB_DEVICE/App/usbd_cdc_if.c ****   * @brief  Data received over USB OUT endpoint are sent over CDC interface
 249:USB_DEVICE/App/usbd_cdc_if.c ****   *         through this function.
 250:USB_DEVICE/App/usbd_cdc_if.c ****   *
 251:USB_DEVICE/App/usbd_cdc_if.c ****   *         @note
 252:USB_DEVICE/App/usbd_cdc_if.c ****   *         This function will issue a NAK packet on any OUT packet received on
 253:USB_DEVICE/App/usbd_cdc_if.c ****   *         USB endpoint until exiting this function. If you exit this function
 254:USB_DEVICE/App/usbd_cdc_if.c ****   *         before transfer is complete on CDC interface (ie. using DMA controller)
 255:USB_DEVICE/App/usbd_cdc_if.c ****   *         it will result in receiving more data while previous ones are still
 256:USB_DEVICE/App/usbd_cdc_if.c ****   *         not sent.
 257:USB_DEVICE/App/usbd_cdc_if.c ****   *
 258:USB_DEVICE/App/usbd_cdc_if.c ****   * @param  Buf: Buffer of data to be received
 259:USB_DEVICE/App/usbd_cdc_if.c ****   * @param  Len: Number of data received (in bytes)
 260:USB_DEVICE/App/usbd_cdc_if.c ****   * @retval Result of the operation: USBD_OK if all operations are OK else USBD_FAIL
 261:USB_DEVICE/App/usbd_cdc_if.c ****   */
 262:USB_DEVICE/App/usbd_cdc_if.c **** static int8_t CDC_Receive_FS(uint8_t* Buf, uint32_t *Len)
 263:USB_DEVICE/App/usbd_cdc_if.c **** {
  75              		.loc 1 263 1 is_stmt 1 view -0
  76              		.cfi_startproc
  77              		@ args = 0, pretend = 0, frame = 0
  78              		@ frame_needed = 0, uses_anonymous_args = 0
  79              		.loc 1 263 1 is_stmt 0 view .LVU9
  80 0000 70B5     		push	{r4, r5, r6, lr}
  81              	.LCFI0:
  82              		.cfi_def_cfa_offset 16
  83              		.cfi_offset 4, -16
  84              		.cfi_offset 5, -12
ARM GAS  /tmp/cc36cErC.s 			page 7


  85              		.cfi_offset 6, -8
  86              		.cfi_offset 14, -4
  87 0002 0400     		movs	r4, r0
 264:USB_DEVICE/App/usbd_cdc_if.c ****   /* USER CODE BEGIN 6 */
 265:USB_DEVICE/App/usbd_cdc_if.c ****   uint32_t len=*Len;
  88              		.loc 1 265 3 is_stmt 1 view .LVU10
  89              		.loc 1 265 12 is_stmt 0 view .LVU11
  90 0004 0D68     		ldr	r5, [r1]
  91              	.LVL3:
 266:USB_DEVICE/App/usbd_cdc_if.c ****   if (hUsbDeviceFS.dev_state != USBD_STATE_CONFIGURED)
  92              		.loc 1 266 3 is_stmt 1 view .LVU12
  93              		.loc 1 266 19 is_stmt 0 view .LVU13
  94 0006 1B4A     		ldr	r2, .L15
  95 0008 A723     		movs	r3, #167
  96 000a 9B00     		lsls	r3, r3, #2
  97 000c D35C     		ldrb	r3, [r2, r3]
  98              		.loc 1 266 6 view .LVU14
  99 000e 032B     		cmp	r3, #3
 100 0010 25D1     		bne	.L9
 267:USB_DEVICE/App/usbd_cdc_if.c ****   {
 268:USB_DEVICE/App/usbd_cdc_if.c ****      return USBD_FAIL;
 269:USB_DEVICE/App/usbd_cdc_if.c ****   }
 270:USB_DEVICE/App/usbd_cdc_if.c **** 
 271:USB_DEVICE/App/usbd_cdc_if.c ****   if (((Buf == NULL) || (Len == NULL)) || (*Len <= 0))
 101              		.loc 1 271 3 is_stmt 1 view .LVU15
 102              		.loc 1 271 6 is_stmt 0 view .LVU16
 103 0012 0028     		cmp	r0, #0
 104 0014 25D0     		beq	.L10
 105              		.loc 1 271 22 discriminator 1 view .LVU17
 106 0016 0029     		cmp	r1, #0
 107 0018 25D0     		beq	.L11
 108              		.loc 1 271 40 discriminator 2 view .LVU18
 109 001a 002D     		cmp	r5, #0
 110 001c 25D0     		beq	.L12
 111              	.LVL4:
 112              	.L5:
 272:USB_DEVICE/App/usbd_cdc_if.c ****   {
 273:USB_DEVICE/App/usbd_cdc_if.c ****      return USBD_FAIL;
 274:USB_DEVICE/App/usbd_cdc_if.c ****   }
 275:USB_DEVICE/App/usbd_cdc_if.c **** 
 276:USB_DEVICE/App/usbd_cdc_if.c ****   /* Get data */
 277:USB_DEVICE/App/usbd_cdc_if.c ****   uint8_t result = USBD_OK;
 278:USB_DEVICE/App/usbd_cdc_if.c ****       do
 113              		.loc 1 278 7 is_stmt 1 discriminator 1 view .LVU19
 279:USB_DEVICE/App/usbd_cdc_if.c ****       {
 280:USB_DEVICE/App/usbd_cdc_if.c ****           result = USBD_CDC_SetRxBuffer(&hUsbDeviceFS, &Buf[0]);
 114              		.loc 1 280 11 discriminator 1 view .LVU20
 115              		.loc 1 280 20 is_stmt 0 discriminator 1 view .LVU21
 116 001e 2100     		movs	r1, r4
 117 0020 1448     		ldr	r0, .L15
 118 0022 FFF7FEFF 		bl	USBD_CDC_SetRxBuffer
 119              	.LVL5:
 281:USB_DEVICE/App/usbd_cdc_if.c ****       }
 282:USB_DEVICE/App/usbd_cdc_if.c ****       while(result != USBD_OK);
 120              		.loc 1 282 12 is_stmt 1 discriminator 1 view .LVU22
 121              		.loc 1 282 7 is_stmt 0 discriminator 1 view .LVU23
 122 0026 0028     		cmp	r0, #0
ARM GAS  /tmp/cc36cErC.s 			page 8


 123 0028 F9D1     		bne	.L5
 124              	.L6:
 283:USB_DEVICE/App/usbd_cdc_if.c **** 
 284:USB_DEVICE/App/usbd_cdc_if.c ****       do
 125              		.loc 1 284 7 is_stmt 1 discriminator 1 view .LVU24
 285:USB_DEVICE/App/usbd_cdc_if.c ****       {
 286:USB_DEVICE/App/usbd_cdc_if.c ****          result = USBD_CDC_ReceivePacket(&hUsbDeviceFS);
 126              		.loc 1 286 10 discriminator 1 view .LVU25
 127              		.loc 1 286 19 is_stmt 0 discriminator 1 view .LVU26
 128 002a 1248     		ldr	r0, .L15
 129              	.LVL6:
 130              		.loc 1 286 19 discriminator 1 view .LVU27
 131 002c FFF7FEFF 		bl	USBD_CDC_ReceivePacket
 132              	.LVL7:
 287:USB_DEVICE/App/usbd_cdc_if.c ****       }
 288:USB_DEVICE/App/usbd_cdc_if.c ****       while(result != USBD_OK);
 133              		.loc 1 288 12 is_stmt 1 discriminator 1 view .LVU28
 134              		.loc 1 288 7 is_stmt 0 discriminator 1 view .LVU29
 135 0030 0028     		cmp	r0, #0
 136 0032 FAD1     		bne	.L6
 137              	.LVL8:
 138              	.L7:
 289:USB_DEVICE/App/usbd_cdc_if.c **** 
 290:USB_DEVICE/App/usbd_cdc_if.c ****   // add data to FIFO
 291:USB_DEVICE/App/usbd_cdc_if.c ****       while (len--)
 139              		.loc 1 291 13 is_stmt 1 view .LVU30
 140              		.loc 1 291 17 is_stmt 0 view .LVU31
 141 0034 681E     		subs	r0, r5, #1
 142              	.LVL9:
 143              		.loc 1 291 13 view .LVU32
 144 0036 002D     		cmp	r5, #0
 145 0038 0FD0     		beq	.L14
 292:USB_DEVICE/App/usbd_cdc_if.c ****          if (FIFO_INCR(RX_FIFO.head)==RX_FIFO.tail)
 146              		.loc 1 292 10 is_stmt 1 view .LVU33
 147              		.loc 1 292 14 is_stmt 0 view .LVU34
 148 003a 0F49     		ldr	r1, .L15+4
 149 003c 0A68     		ldr	r2, [r1]
 150 003e 551C     		adds	r5, r2, #1
 151 0040 1F23     		movs	r3, #31
 152 0042 2B40     		ands	r3, r5
 153              		.loc 1 292 46 view .LVU35
 154 0044 4968     		ldr	r1, [r1, #4]
 155              		.loc 1 292 13 view .LVU36
 156 0046 8B42     		cmp	r3, r1
 157 0048 11D0     		beq	.L13
 293:USB_DEVICE/App/usbd_cdc_if.c ****                return USBD_FAIL;  // overrun
 294:USB_DEVICE/App/usbd_cdc_if.c ****          else
 295:USB_DEVICE/App/usbd_cdc_if.c ****           {
 296:USB_DEVICE/App/usbd_cdc_if.c ****           RX_FIFO.data[RX_FIFO.head]=*Buf++;
 158              		.loc 1 296 11 is_stmt 1 view .LVU37
 159              	.LVL10:
 160              		.loc 1 296 38 is_stmt 0 view .LVU38
 161 004a 2578     		ldrb	r5, [r4]
 162              		.loc 1 296 37 view .LVU39
 163 004c 0A49     		ldr	r1, .L15+4
 164 004e 8A18     		adds	r2, r1, r2
 165 0050 1572     		strb	r5, [r2, #8]
ARM GAS  /tmp/cc36cErC.s 			page 9


 297:USB_DEVICE/App/usbd_cdc_if.c ****          RX_FIFO.head=FIFO_INCR(RX_FIFO.head);
 166              		.loc 1 297 10 is_stmt 1 view .LVU40
 167              		.loc 1 297 22 is_stmt 0 view .LVU41
 168 0052 0B60     		str	r3, [r1]
 291:USB_DEVICE/App/usbd_cdc_if.c ****          if (FIFO_INCR(RX_FIFO.head)==RX_FIFO.tail)
 169              		.loc 1 291 17 view .LVU42
 170 0054 0500     		movs	r5, r0
 296:USB_DEVICE/App/usbd_cdc_if.c ****          RX_FIFO.head=FIFO_INCR(RX_FIFO.head);
 171              		.loc 1 296 42 view .LVU43
 172 0056 0134     		adds	r4, r4, #1
 173              	.LVL11:
 296:USB_DEVICE/App/usbd_cdc_if.c ****          RX_FIFO.head=FIFO_INCR(RX_FIFO.head);
 174              		.loc 1 296 42 view .LVU44
 175 0058 ECE7     		b	.L7
 176              	.L14:
 298:USB_DEVICE/App/usbd_cdc_if.c ****          }
 299:USB_DEVICE/App/usbd_cdc_if.c ****      return (USBD_OK);
 177              		.loc 1 299 13 view .LVU45
 178 005a 0020     		movs	r0, #0
 179              	.LVL12:
 180              		.loc 1 299 13 view .LVU46
 181 005c 00E0     		b	.L4
 182              	.LVL13:
 183              	.L9:
 268:USB_DEVICE/App/usbd_cdc_if.c ****   }
 184              		.loc 1 268 13 view .LVU47
 185 005e 0220     		movs	r0, #2
 186              	.LVL14:
 187              	.L4:
 300:USB_DEVICE/App/usbd_cdc_if.c ****   /* USER CODE END 6 */
 301:USB_DEVICE/App/usbd_cdc_if.c **** }
 188              		.loc 1 301 1 view .LVU48
 189              		@ sp needed
 190              	.LVL15:
 191              		.loc 1 301 1 view .LVU49
 192 0060 70BD     		pop	{r4, r5, r6, pc}
 193              	.LVL16:
 194              	.L10:
 273:USB_DEVICE/App/usbd_cdc_if.c ****   }
 195              		.loc 1 273 13 view .LVU50
 196 0062 0220     		movs	r0, #2
 197              	.LVL17:
 273:USB_DEVICE/App/usbd_cdc_if.c ****   }
 198              		.loc 1 273 13 view .LVU51
 199 0064 FCE7     		b	.L4
 200              	.LVL18:
 201              	.L11:
 273:USB_DEVICE/App/usbd_cdc_if.c ****   }
 202              		.loc 1 273 13 view .LVU52
 203 0066 0220     		movs	r0, #2
 204              	.LVL19:
 273:USB_DEVICE/App/usbd_cdc_if.c ****   }
 205              		.loc 1 273 13 view .LVU53
 206 0068 FAE7     		b	.L4
 207              	.LVL20:
 208              	.L12:
 273:USB_DEVICE/App/usbd_cdc_if.c ****   }
ARM GAS  /tmp/cc36cErC.s 			page 10


 209              		.loc 1 273 13 view .LVU54
 210 006a 0220     		movs	r0, #2
 211              	.LVL21:
 273:USB_DEVICE/App/usbd_cdc_if.c ****   }
 212              		.loc 1 273 13 view .LVU55
 213 006c F8E7     		b	.L4
 214              	.LVL22:
 215              	.L13:
 293:USB_DEVICE/App/usbd_cdc_if.c ****          else
 216              		.loc 1 293 23 view .LVU56
 217 006e 0220     		movs	r0, #2
 218              	.LVL23:
 293:USB_DEVICE/App/usbd_cdc_if.c ****          else
 219              		.loc 1 293 23 view .LVU57
 220 0070 F6E7     		b	.L4
 221              	.L16:
 222 0072 C046     		.align	2
 223              	.L15:
 224 0074 00000000 		.word	hUsbDeviceFS
 225 0078 00000000 		.word	.LANCHOR0
 226              		.cfi_endproc
 227              	.LFE46:
 229              		.section	.text.CDC_Init_FS,"ax",%progbits
 230              		.align	1
 231              		.syntax unified
 232              		.code	16
 233              		.thumb_func
 234              		.fpu softvfp
 236              	CDC_Init_FS:
 237              	.LFB43:
 154:USB_DEVICE/App/usbd_cdc_if.c ****   /* USER CODE BEGIN 3 */
 238              		.loc 1 154 1 is_stmt 1 view -0
 239              		.cfi_startproc
 240              		@ args = 0, pretend = 0, frame = 0
 241              		@ frame_needed = 0, uses_anonymous_args = 0
 242 0000 10B5     		push	{r4, lr}
 243              	.LCFI1:
 244              		.cfi_def_cfa_offset 8
 245              		.cfi_offset 4, -8
 246              		.cfi_offset 14, -4
 157:USB_DEVICE/App/usbd_cdc_if.c ****   USBD_CDC_SetRxBuffer(&hUsbDeviceFS, UserRxBufferFS);
 247              		.loc 1 157 3 view .LVU59
 248 0002 064C     		ldr	r4, .L18
 249 0004 0022     		movs	r2, #0
 250 0006 0649     		ldr	r1, .L18+4
 251 0008 2000     		movs	r0, r4
 252 000a FFF7FEFF 		bl	USBD_CDC_SetTxBuffer
 253              	.LVL24:
 158:USB_DEVICE/App/usbd_cdc_if.c ****   return (USBD_OK);
 254              		.loc 1 158 3 view .LVU60
 255 000e 0549     		ldr	r1, .L18+8
 256 0010 2000     		movs	r0, r4
 257 0012 FFF7FEFF 		bl	USBD_CDC_SetRxBuffer
 258              	.LVL25:
 159:USB_DEVICE/App/usbd_cdc_if.c ****   /* USER CODE END 3 */
 259              		.loc 1 159 3 view .LVU61
 161:USB_DEVICE/App/usbd_cdc_if.c **** 
ARM GAS  /tmp/cc36cErC.s 			page 11


 260              		.loc 1 161 1 is_stmt 0 view .LVU62
 261 0016 0020     		movs	r0, #0
 262              		@ sp needed
 263 0018 10BD     		pop	{r4, pc}
 264              	.L19:
 265 001a C046     		.align	2
 266              	.L18:
 267 001c 00000000 		.word	hUsbDeviceFS
 268 0020 00000000 		.word	UserTxBufferFS
 269 0024 00000000 		.word	UserRxBufferFS
 270              		.cfi_endproc
 271              	.LFE43:
 273              		.section	.text.CDC_Transmit_FS,"ax",%progbits
 274              		.align	1
 275              		.global	CDC_Transmit_FS
 276              		.syntax unified
 277              		.code	16
 278              		.thumb_func
 279              		.fpu softvfp
 281              	CDC_Transmit_FS:
 282              	.LVL26:
 283              	.LFB47:
 302:USB_DEVICE/App/usbd_cdc_if.c **** 
 303:USB_DEVICE/App/usbd_cdc_if.c **** /**
 304:USB_DEVICE/App/usbd_cdc_if.c ****   * @brief  CDC_Transmit_FS
 305:USB_DEVICE/App/usbd_cdc_if.c ****   *         Data to send over USB IN endpoint are sent over CDC interface
 306:USB_DEVICE/App/usbd_cdc_if.c ****   *         through this function.
 307:USB_DEVICE/App/usbd_cdc_if.c ****   *         @note
 308:USB_DEVICE/App/usbd_cdc_if.c ****   *
 309:USB_DEVICE/App/usbd_cdc_if.c ****   *
 310:USB_DEVICE/App/usbd_cdc_if.c ****   * @param  Buf: Buffer of data to be sent
 311:USB_DEVICE/App/usbd_cdc_if.c ****   * @param  Len: Number of data to be sent (in bytes)
 312:USB_DEVICE/App/usbd_cdc_if.c ****   * @retval USBD_OK if all operations are OK else USBD_FAIL or USBD_BUSY
 313:USB_DEVICE/App/usbd_cdc_if.c ****   */
 314:USB_DEVICE/App/usbd_cdc_if.c **** uint8_t CDC_Transmit_FS(uint8_t* Buf, uint16_t Len)
 315:USB_DEVICE/App/usbd_cdc_if.c **** {
 284              		.loc 1 315 1 is_stmt 1 view -0
 285              		.cfi_startproc
 286              		@ args = 0, pretend = 0, frame = 0
 287              		@ frame_needed = 0, uses_anonymous_args = 0
 288              		.loc 1 315 1 is_stmt 0 view .LVU64
 289 0000 10B5     		push	{r4, lr}
 290              	.LCFI2:
 291              		.cfi_def_cfa_offset 8
 292              		.cfi_offset 4, -8
 293              		.cfi_offset 14, -4
 316:USB_DEVICE/App/usbd_cdc_if.c ****   uint8_t result = USBD_OK;
 294              		.loc 1 316 3 is_stmt 1 view .LVU65
 295              	.LVL27:
 317:USB_DEVICE/App/usbd_cdc_if.c ****   /* USER CODE BEGIN 7 */
 318:USB_DEVICE/App/usbd_cdc_if.c ****   USBD_CDC_HandleTypeDef *hcdc = (USBD_CDC_HandleTypeDef*)hUsbDeviceFS.pClassData;
 296              		.loc 1 318 3 view .LVU66
 297              		.loc 1 318 27 is_stmt 0 view .LVU67
 298 0002 0A4A     		ldr	r2, .L24
 299 0004 AE23     		movs	r3, #174
 300 0006 9B00     		lsls	r3, r3, #2
 301 0008 D258     		ldr	r2, [r2, r3]
ARM GAS  /tmp/cc36cErC.s 			page 12


 302              	.LVL28:
 319:USB_DEVICE/App/usbd_cdc_if.c ****   if (hcdc->TxState != 0){
 303              		.loc 1 319 3 is_stmt 1 view .LVU68
 304              		.loc 1 319 11 is_stmt 0 view .LVU69
 305 000a A43B     		subs	r3, r3, #164
 306 000c D358     		ldr	r3, [r2, r3]
 307              		.loc 1 319 6 view .LVU70
 308 000e 002B     		cmp	r3, #0
 309 0010 01D0     		beq	.L23
 320:USB_DEVICE/App/usbd_cdc_if.c ****     return USBD_BUSY;
 310              		.loc 1 320 12 view .LVU71
 311 0012 0120     		movs	r0, #1
 312              	.LVL29:
 313              	.L21:
 321:USB_DEVICE/App/usbd_cdc_if.c ****   }
 322:USB_DEVICE/App/usbd_cdc_if.c ****   USBD_CDC_SetTxBuffer(&hUsbDeviceFS, Buf, Len);
 323:USB_DEVICE/App/usbd_cdc_if.c ****   result = USBD_CDC_TransmitPacket(&hUsbDeviceFS);
 324:USB_DEVICE/App/usbd_cdc_if.c ****   /* USER CODE END 7 */
 325:USB_DEVICE/App/usbd_cdc_if.c ****   return result;
 326:USB_DEVICE/App/usbd_cdc_if.c **** }
 314              		.loc 1 326 1 view .LVU72
 315              		@ sp needed
 316 0014 10BD     		pop	{r4, pc}
 317              	.LVL30:
 318              	.L23:
 322:USB_DEVICE/App/usbd_cdc_if.c ****   result = USBD_CDC_TransmitPacket(&hUsbDeviceFS);
 319              		.loc 1 322 3 is_stmt 1 view .LVU73
 320 0016 054C     		ldr	r4, .L24
 321 0018 0A00     		movs	r2, r1
 322              	.LVL31:
 322:USB_DEVICE/App/usbd_cdc_if.c ****   result = USBD_CDC_TransmitPacket(&hUsbDeviceFS);
 323              		.loc 1 322 3 is_stmt 0 view .LVU74
 324 001a 0100     		movs	r1, r0
 325              	.LVL32:
 322:USB_DEVICE/App/usbd_cdc_if.c ****   result = USBD_CDC_TransmitPacket(&hUsbDeviceFS);
 326              		.loc 1 322 3 view .LVU75
 327 001c 2000     		movs	r0, r4
 328              	.LVL33:
 322:USB_DEVICE/App/usbd_cdc_if.c ****   result = USBD_CDC_TransmitPacket(&hUsbDeviceFS);
 329              		.loc 1 322 3 view .LVU76
 330 001e FFF7FEFF 		bl	USBD_CDC_SetTxBuffer
 331              	.LVL34:
 323:USB_DEVICE/App/usbd_cdc_if.c ****   /* USER CODE END 7 */
 332              		.loc 1 323 3 is_stmt 1 view .LVU77
 323:USB_DEVICE/App/usbd_cdc_if.c ****   /* USER CODE END 7 */
 333              		.loc 1 323 12 is_stmt 0 view .LVU78
 334 0022 2000     		movs	r0, r4
 335 0024 FFF7FEFF 		bl	USBD_CDC_TransmitPacket
 336              	.LVL35:
 325:USB_DEVICE/App/usbd_cdc_if.c **** }
 337              		.loc 1 325 3 is_stmt 1 view .LVU79
 325:USB_DEVICE/App/usbd_cdc_if.c **** }
 338              		.loc 1 325 10 is_stmt 0 view .LVU80
 339 0028 F4E7     		b	.L21
 340              	.L25:
 341 002a C046     		.align	2
 342              	.L24:
ARM GAS  /tmp/cc36cErC.s 			page 13


 343 002c 00000000 		.word	hUsbDeviceFS
 344              		.cfi_endproc
 345              	.LFE47:
 347              		.section	.text.VCP_read,"ax",%progbits
 348              		.align	1
 349              		.global	VCP_read
 350              		.syntax unified
 351              		.code	16
 352              		.thumb_func
 353              		.fpu softvfp
 355              	VCP_read:
 356              	.LVL36:
 357              	.LFB48:
 327:USB_DEVICE/App/usbd_cdc_if.c **** 
 328:USB_DEVICE/App/usbd_cdc_if.c **** /* USER CODE BEGIN PRIVATE_FUNCTIONS_IMPLEMENTATION */
 329:USB_DEVICE/App/usbd_cdc_if.c **** 
 330:USB_DEVICE/App/usbd_cdc_if.c **** 
 331:USB_DEVICE/App/usbd_cdc_if.c **** // returns bytes read (could be zero)
 332:USB_DEVICE/App/usbd_cdc_if.c **** // would be easy to make it end early on a stop char (e.g., \r or \n)
 333:USB_DEVICE/App/usbd_cdc_if.c **** uint8_t VCP_read(uint8_t* Buf, uint32_t Len)
 334:USB_DEVICE/App/usbd_cdc_if.c **** {
 358              		.loc 1 334 1 is_stmt 1 view -0
 359              		.cfi_startproc
 360              		@ args = 0, pretend = 0, frame = 0
 361              		@ frame_needed = 0, uses_anonymous_args = 0
 362              		.loc 1 334 1 is_stmt 0 view .LVU82
 363 0000 30B5     		push	{r4, r5, lr}
 364              	.LCFI3:
 365              		.cfi_def_cfa_offset 12
 366              		.cfi_offset 4, -12
 367              		.cfi_offset 5, -8
 368              		.cfi_offset 14, -4
 335:USB_DEVICE/App/usbd_cdc_if.c ****   uint32_t count=0;
 369              		.loc 1 335 3 is_stmt 1 view .LVU83
 370              	.LVL37:
 336:USB_DEVICE/App/usbd_cdc_if.c **** /* Check inputs */
 337:USB_DEVICE/App/usbd_cdc_if.c ****   if ((Buf == NULL) || (Len == 0))
 371              		.loc 1 337 3 view .LVU84
 372              		.loc 1 337 6 is_stmt 0 view .LVU85
 373 0002 0028     		cmp	r0, #0
 374 0004 1BD0     		beq	.L31
 375              		.loc 1 337 21 discriminator 1 view .LVU86
 376 0006 0029     		cmp	r1, #0
 377 0008 1BD0     		beq	.L32
 335:USB_DEVICE/App/usbd_cdc_if.c ****   uint32_t count=0;
 378              		.loc 1 335 12 view .LVU87
 379 000a 0024     		movs	r4, #0
 380              	.LVL38:
 381              	.L28:
 338:USB_DEVICE/App/usbd_cdc_if.c ****  {
 339:USB_DEVICE/App/usbd_cdc_if.c ****   return 0;
 340:USB_DEVICE/App/usbd_cdc_if.c ****  }
 341:USB_DEVICE/App/usbd_cdc_if.c **** 
 342:USB_DEVICE/App/usbd_cdc_if.c **** while (Len--)
 382              		.loc 1 342 7 is_stmt 1 view .LVU88
 383              		.loc 1 342 11 is_stmt 0 view .LVU89
 384 000c 4D1E     		subs	r5, r1, #1
ARM GAS  /tmp/cc36cErC.s 			page 14


 385              	.LVL39:
 386              		.loc 1 342 7 view .LVU90
 387 000e 0029     		cmp	r1, #0
 388 0010 13D0     		beq	.L33
 343:USB_DEVICE/App/usbd_cdc_if.c **** {
 344:USB_DEVICE/App/usbd_cdc_if.c **** if (RX_FIFO.head==RX_FIFO.tail) return count;
 389              		.loc 1 344 1 is_stmt 1 view .LVU91
 390              		.loc 1 344 12 is_stmt 0 view .LVU92
 391 0012 0D4B     		ldr	r3, .L35
 392 0014 1A68     		ldr	r2, [r3]
 393              		.loc 1 344 26 view .LVU93
 394 0016 5B68     		ldr	r3, [r3, #4]
 395              		.loc 1 344 4 view .LVU94
 396 0018 9A42     		cmp	r2, r3
 397 001a 0CD0     		beq	.L34
 345:USB_DEVICE/App/usbd_cdc_if.c **** count++;
 398              		.loc 1 345 1 is_stmt 1 view .LVU95
 399              		.loc 1 345 6 is_stmt 0 view .LVU96
 400 001c 0134     		adds	r4, r4, #1
 401              	.LVL40:
 346:USB_DEVICE/App/usbd_cdc_if.c **** *Buf++=RX_FIFO.data[RX_FIFO.tail];
 402              		.loc 1 346 1 is_stmt 1 view .LVU97
 403              		.loc 1 346 20 is_stmt 0 view .LVU98
 404 001e 0A4A     		ldr	r2, .L35
 405 0020 D318     		adds	r3, r2, r3
 406 0022 1B7A     		ldrb	r3, [r3, #8]
 407              		.loc 1 346 7 view .LVU99
 408 0024 0370     		strb	r3, [r0]
 347:USB_DEVICE/App/usbd_cdc_if.c **** RX_FIFO.tail=FIFO_INCR(RX_FIFO.tail);
 409              		.loc 1 347 1 is_stmt 1 view .LVU100
 410              		.loc 1 347 14 is_stmt 0 view .LVU101
 411 0026 5368     		ldr	r3, [r2, #4]
 412 0028 591C     		adds	r1, r3, #1
 413 002a 1F23     		movs	r3, #31
 414 002c 0B40     		ands	r3, r1
 415              		.loc 1 347 13 view .LVU102
 416 002e 5360     		str	r3, [r2, #4]
 342:USB_DEVICE/App/usbd_cdc_if.c **** {
 417              		.loc 1 342 11 view .LVU103
 418 0030 2900     		movs	r1, r5
 346:USB_DEVICE/App/usbd_cdc_if.c **** *Buf++=RX_FIFO.data[RX_FIFO.tail];
 419              		.loc 1 346 5 view .LVU104
 420 0032 0130     		adds	r0, r0, #1
 421              	.LVL41:
 346:USB_DEVICE/App/usbd_cdc_if.c **** *Buf++=RX_FIFO.data[RX_FIFO.tail];
 422              		.loc 1 346 5 view .LVU105
 423 0034 EAE7     		b	.L28
 424              	.L34:
 344:USB_DEVICE/App/usbd_cdc_if.c **** count++;
 425              		.loc 1 344 33 is_stmt 1 discriminator 1 view .LVU106
 344:USB_DEVICE/App/usbd_cdc_if.c **** count++;
 426              		.loc 1 344 40 is_stmt 0 discriminator 1 view .LVU107
 427 0036 E0B2     		uxtb	r0, r4
 428              	.LVL42:
 344:USB_DEVICE/App/usbd_cdc_if.c **** count++;
 429              		.loc 1 344 40 discriminator 1 view .LVU108
 430 0038 04E0     		b	.L27
ARM GAS  /tmp/cc36cErC.s 			page 15


 431              	.LVL43:
 432              	.L33:
 348:USB_DEVICE/App/usbd_cdc_if.c **** }
 349:USB_DEVICE/App/usbd_cdc_if.c **** 
 350:USB_DEVICE/App/usbd_cdc_if.c **** return count;
 433              		.loc 1 350 1 is_stmt 1 view .LVU109
 434              		.loc 1 350 8 is_stmt 0 view .LVU110
 435 003a E0B2     		uxtb	r0, r4
 436              	.LVL44:
 437              		.loc 1 350 8 view .LVU111
 438 003c 02E0     		b	.L27
 439              	.LVL45:
 440              	.L31:
 339:USB_DEVICE/App/usbd_cdc_if.c ****  }
 441              		.loc 1 339 10 view .LVU112
 442 003e 0020     		movs	r0, #0
 443              	.LVL46:
 339:USB_DEVICE/App/usbd_cdc_if.c ****  }
 444              		.loc 1 339 10 view .LVU113
 445 0040 00E0     		b	.L27
 446              	.LVL47:
 447              	.L32:
 339:USB_DEVICE/App/usbd_cdc_if.c ****  }
 448              		.loc 1 339 10 view .LVU114
 449 0042 0020     		movs	r0, #0
 450              	.LVL48:
 451              	.L27:
 351:USB_DEVICE/App/usbd_cdc_if.c **** }
 452              		.loc 1 351 1 view .LVU115
 453              		@ sp needed
 454 0044 30BD     		pop	{r4, r5, pc}
 455              	.L36:
 456 0046 C046     		.align	2
 457              	.L35:
 458 0048 00000000 		.word	.LANCHOR0
 459              		.cfi_endproc
 460              	.LFE48:
 462              		.global	USBD_Interface_fops_FS
 463              		.comm	UserTxBufferFS,1000,4
 464              		.comm	UserRxBufferFS,1000,4
 465              		.global	RX_FIFO
 466              		.section	.bss.RX_FIFO,"aw",%nobits
 467              		.align	2
 468              		.set	.LANCHOR0,. + 0
 471              	RX_FIFO:
 472 0000 00000000 		.space	40
 472      00000000 
 472      00000000 
 472      00000000 
 472      00000000 
 473              		.section	.data.USBD_Interface_fops_FS,"aw"
 474              		.align	2
 477              	USBD_Interface_fops_FS:
 478 0000 00000000 		.word	CDC_Init_FS
 479 0004 00000000 		.word	CDC_DeInit_FS
 480 0008 00000000 		.word	CDC_Control_FS
 481 000c 00000000 		.word	CDC_Receive_FS
ARM GAS  /tmp/cc36cErC.s 			page 16


 482              		.text
 483              	.Letext0:
 484              		.file 2 "/usr/include/newlib/machine/_default_types.h"
 485              		.file 3 "/usr/lib/gcc/arm-none-eabi/9.2.1/include/stddef.h"
 486              		.file 4 "/usr/include/newlib/sys/_types.h"
 487              		.file 5 "/usr/include/newlib/sys/reent.h"
 488              		.file 6 "/usr/include/newlib/sys/lock.h"
 489              		.file 7 "/usr/include/newlib/sys/_stdint.h"
 490              		.file 8 "/usr/include/newlib/stdlib.h"
 491              		.file 9 "Drivers/CMSIS/Device/ST/STM32F0xx/Include/system_stm32f0xx.h"
 492              		.file 10 "Drivers/STM32F0xx_HAL_Driver/Inc/stm32f0xx_hal.h"
 493              		.file 11 "Middlewares/ST/STM32_USB_Device_Library/Core/Inc/usbd_def.h"
 494              		.file 12 "Middlewares/ST/STM32_USB_Device_Library/Class/CDC/Inc/usbd_cdc.h"
 495              		.file 13 "USB_DEVICE/App/usbd_cdc_if.h"
ARM GAS  /tmp/cc36cErC.s 			page 17


DEFINED SYMBOLS
                            *ABS*:0000000000000000 usbd_cdc_if.c
     /tmp/cc36cErC.s:16     .text.CDC_DeInit_FS:0000000000000000 $t
     /tmp/cc36cErC.s:23     .text.CDC_DeInit_FS:0000000000000000 CDC_DeInit_FS
     /tmp/cc36cErC.s:40     .text.CDC_Control_FS:0000000000000000 $t
     /tmp/cc36cErC.s:46     .text.CDC_Control_FS:0000000000000000 CDC_Control_FS
     /tmp/cc36cErC.s:66     .text.CDC_Receive_FS:0000000000000000 $t
     /tmp/cc36cErC.s:72     .text.CDC_Receive_FS:0000000000000000 CDC_Receive_FS
     /tmp/cc36cErC.s:224    .text.CDC_Receive_FS:0000000000000074 $d
     /tmp/cc36cErC.s:230    .text.CDC_Init_FS:0000000000000000 $t
     /tmp/cc36cErC.s:236    .text.CDC_Init_FS:0000000000000000 CDC_Init_FS
     /tmp/cc36cErC.s:267    .text.CDC_Init_FS:000000000000001c $d
                            *COM*:00000000000003e8 UserTxBufferFS
                            *COM*:00000000000003e8 UserRxBufferFS
     /tmp/cc36cErC.s:274    .text.CDC_Transmit_FS:0000000000000000 $t
     /tmp/cc36cErC.s:281    .text.CDC_Transmit_FS:0000000000000000 CDC_Transmit_FS
     /tmp/cc36cErC.s:343    .text.CDC_Transmit_FS:000000000000002c $d
     /tmp/cc36cErC.s:348    .text.VCP_read:0000000000000000 $t
     /tmp/cc36cErC.s:355    .text.VCP_read:0000000000000000 VCP_read
     /tmp/cc36cErC.s:458    .text.VCP_read:0000000000000048 $d
     /tmp/cc36cErC.s:477    .data.USBD_Interface_fops_FS:0000000000000000 USBD_Interface_fops_FS
     /tmp/cc36cErC.s:471    .bss.RX_FIFO:0000000000000000 RX_FIFO
     /tmp/cc36cErC.s:467    .bss.RX_FIFO:0000000000000000 $d
     /tmp/cc36cErC.s:474    .data.USBD_Interface_fops_FS:0000000000000000 $d

UNDEFINED SYMBOLS
USBD_CDC_SetRxBuffer
USBD_CDC_ReceivePacket
hUsbDeviceFS
USBD_CDC_SetTxBuffer
USBD_CDC_TransmitPacket
